#
# A fatal error has been detected by the Java Runtime Environment:
#
#  EXCEPTION_ACCESS_VIOLATION (0xc0000005) at pc=0xffffffffa3835120, pid=4976, tid=0x0000000000001af8
#
# JRE version: OpenJDK Runtime Environment (8.0_76-b03) (build 1.8.0_76-release-b03)
# Java VM: OpenJDK 64-Bit Server VM (25.76-b03 mixed mode windows-amd64 compressed oops)
# Problematic frame:
# C  0xffffffffa3835120
#
# Failed to write core dump. Minidumps are not enabled by default on client versions of Windows
#
# If you would like to submit a bug report, please visit:
#   http://bugreport.java.com/bugreport/crash.jsp
#

---------------  T H R E A D  ---------------

Current thread (0x00000000592fe000):  JavaThread "Daemon worker Thread 3" [_thread_in_Java, id=6904, stack(0x000000005bc80000,0x000000005bd80000)]

siginfo: ExceptionCode=0xc0000005, ExceptionInformation=0x0000000000000008 0xffffffffa3835120

Registers:
RAX=0x0000000015ada7b0, RBX=0x0000000055931030, RCX=0x00000000156c01f8, RDX=0x00000000ec33f570
RSP=0x000000005bd7be88, RBP=0x000000005bd7c530, RSI=0x000000005d51a750, RDI=0x0000000000000810
R8 =0x00000000a1098178, R9 =0x00000000ec33f540, R10=0x0000000015ada7b0, R11=0x0000000000000001
R12=0x0000000000000000, R13=0x0000000000000001, R14=0x0000000000000001, R15=0x00000000592fe000
RIP=0xffffffffa3835120, EFLAGS=0x0000000000010246

Top of Stack: (sp=0x000000005bd7be88)
0x000000005bd7be88:   00000000038d847c 00000000ec33e738
0x000000005bd7be98:   0000000000000000 00000000ec31df90
0x000000005bd7bea8:   00000000ec3368a8 00000000ec33f528
0x000000005bd7beb8:   000000000505650c 00000000ec33f508
0x000000005bd7bec8:   00000000ec33f5b0 00000000ec33f570
0x000000005bd7bed8:   00000000ec33f5d0 0000000100000000
0x000000005bd7bee8:   00000000ec33f490 000000005bd7c530
0x000000005bd7bef8:   0000000003c63f8c 000000005bd7c530
0x000000005bd7bf08:   0000004604777034 000000005bd7c530
0x000000005bd7bf18:   00000000048583dc 00000000ec33f290
0x000000005bd7bf28:   00000000ec31e870 0000000000000000
0x000000005bd7bf38:   0000000000000000 000000005bd7c530
0x000000005bd7bf48:   00000000038e57a4 00000000ec33f290
0x000000005bd7bf58:   00000000040bc784 00000000a196fd90
0x000000005bd7bf68:   00000000ec33f1e8 000000005bd7c530
0x000000005bd7bf78:   0000000003c61f64 00000000ec33f3e8 

Instructions: (pc=0xffffffffa3835120)
0xffffffffa3835100:   
[error occurred during error reporting (printing registers, top of stack, instructions near pc), id 0xc0000005]

Register to memory mapping:

RAX=0x0000000015ada7b0 is pointing into metadata
RBX={method} {0x0000000055931038} 'next' '()Ljava/lang/Object;' in 'java/util/ArrayList$Itr'
RCX=0x00000000156c01f8 is pointing into metadata
RDX=0x00000000ec33f570 is an oop
com.google.common.base.Joiner 
 - klass: 'com/google/common/base/Joiner'
RSP=0x000000005bd7be88 is pointing into the stack for thread: 0x00000000592fe000
RBP=0x000000005bd7c530 is pointing into the stack for thread: 0x00000000592fe000
RSI={method} {0x000000005d51a758} 'appendTo' '(Ljava/lang/Appendable;Ljava/util/Iterator;)Ljava/lang/Appendable;' in 'com/google/common/base/Joiner'
RDI=0x0000000000000810 is an unknown value
R8 =0x00000000a1098178 is an oop
java.lang.String 
 - klass: 'java/lang/String'
R9 =0x00000000ec33f540 is an oop
[Ljava.lang.Object; 
 - klass: 'java/lang/Object'[]
 - length: 8
R10=0x0000000015ada7b0 is pointing into metadata
R11=0x0000000000000001 is an unknown value
R12=0x0000000000000000 is an unknown value
R13=0x0000000000000001 is an unknown value
R14=0x0000000000000001 is an unknown value
R15=0x00000000592fe000 is a thread


Stack: [0x000000005bc80000,0x000000005bd80000],  sp=0x000000005bd7be88,  free space=1007k
Native frames: (J=compiled Java code, j=interpreted, Vv=VM code, C=native code)
C  0xffffffffa3835120


---------------  P R O C E S S  ---------------

Java Threads: ( => current thread )
  0x0000000059476000 JavaThread "Stdin handler" [_thread_blocked, id=6688, stack(0x000000005a5a0000,0x000000005a6a0000)]
  0x0000000059474800 JavaThread "Asynchronous log dispatcher for org.gradle.launcher.daemon.server.DefaultDaemonConnection@7293506d" [_thread_blocked, id=6744, stack(0x000000005e910000,0x000000005ea10000)]
  0x00000000592fc800 JavaThread "Cancel handler" [_thread_blocked, id=6656, stack(0x0000000059e10000,0x0000000059f10000)]
  0x00000000592fb800 JavaThread "Handler for socket connection from /127.0.0.1:50945 to /127.0.0.1:52185" [_thread_in_native, id=6532, stack(0x0000000059c00000,0x0000000059d00000)]
=>0x00000000592fe000 JavaThread "Daemon worker Thread 3" [_thread_in_Java, id=6904, stack(0x000000005bc80000,0x000000005bd80000)]
  0x00000000592fb000 JavaThread "Daemon Thread 3" [_thread_blocked, id=6696, stack(0x0000000059ab0000,0x0000000059bb0000)]
  0x0000000059308000 JavaThread "pool-9-thread-4" [_thread_blocked, id=2096, stack(0x0000000060fc0000,0x00000000610c0000)]
  0x0000000059308800 JavaThread "pool-9-thread-3" [_thread_blocked, id=2352, stack(0x0000000060de0000,0x0000000060ee0000)]
  0x0000000059307000 JavaThread "pool-9-thread-2" [_thread_blocked, id=5432, stack(0x000000005eca0000,0x000000005eda0000)]
  0x00000000592fd000 JavaThread "pool-9-thread-1" [_thread_blocked, id=2388, stack(0x000000005e790000,0x000000005e890000)]
  0x0000000059220000 JavaThread "File lock request listener" [_thread_in_native, id=4404, stack(0x000000005a490000,0x000000005a590000)]
  0x0000000058966000 JavaThread "pool-1-thread-1" [_thread_blocked, id=4032, stack(0x0000000059940000,0x0000000059a40000)]
  0x0000000057419800 JavaThread "Incoming local TCP Connector on port 50945" [_thread_in_native, id=5628, stack(0x0000000058340000,0x0000000058440000)]
  0x00000000573f8800 JavaThread "Service Thread" daemon [_thread_blocked, id=2332, stack(0x0000000057840000,0x0000000057940000)]
  0x0000000056057000 JavaThread "C1 CompilerThread1" daemon [_thread_blocked, id=3944, stack(0x00000000572f0000,0x00000000573f0000)]
  0x0000000056054800 JavaThread "C2 CompilerThread0" daemon [_thread_blocked, id=2188, stack(0x0000000057180000,0x0000000057280000)]
  0x0000000056053000 JavaThread "Attach Listener" daemon [_thread_blocked, id=5072, stack(0x0000000057040000,0x0000000057140000)]
  0x0000000056061800 JavaThread "Signal Dispatcher" daemon [_thread_blocked, id=4168, stack(0x0000000056ec0000,0x0000000056fc0000)]
  0x000000005603c800 JavaThread "Finalizer" daemon [_thread_blocked, id=1948, stack(0x0000000056ca0000,0x0000000056da0000)]
  0x0000000055ff3000 JavaThread "Reference Handler" daemon [_thread_blocked, id=1328, stack(0x0000000056940000,0x0000000056a40000)]
  0x00000000002de800 JavaThread "main" [_thread_blocked, id=2776, stack(0x0000000002460000,0x0000000002560000)]

Other Threads:
  0x0000000055fea800 VMThread [stack: 0x0000000056b20000,0x0000000056c20000] [id=6132]
  0x00000000573f9800 WatcherThread [stack: 0x0000000057970000,0x0000000057a70000] [id=5836]

VM state:not at safepoint (normal execution)

VM Mutex/Monitor currently owned by a thread: None

Heap:
 PSYoungGen      total 453632K, used 200885K [0x00000000e0000000, 0x00000000fdc00000, 0x0000000100000000)
  eden space 419328K, 47% used [0x00000000e0000000,0x00000000ec42d430,0x00000000f9980000)
  from space 34304K, 0% used [0x00000000f9980000,0x00000000f9980000,0x00000000fbb00000)
  to   space 33792K, 0% used [0x00000000fbb00000,0x00000000fbb00000,0x00000000fdc00000)
 ParOldGen       total 161280K, used 56891K [0x00000000a0000000, 0x00000000a9d80000, 0x00000000e0000000)
  object space 161280K, 35% used [0x00000000a0000000,0x00000000a378ecc0,0x00000000a9d80000)
 Metaspace       used 70367K, capacity 73312K, committed 73472K, reserved 1114112K
  class space    used 9081K, capacity 9661K, committed 9728K, reserved 1048576K

Card table byte_map: [0x0000000011bf0000,0x0000000011f00000] byte_map_base: 0x00000000116f0000

Marking Bits: (ParMarkBitMap*) 0x0000000075029d00
 Begin Bits: [0x00000000123c0000, 0x0000000013bc0000)
 End Bits:   [0x0000000013bc0000, 0x00000000153c0000)

Polling page: 0x0000000000140000

CodeCache: size=245760Kb used=41167Kb max_used=41181Kb free=204592Kb
 bounds [0x0000000002830000, 0x00000000050a0000, 0x0000000011830000]
 total_blobs=13427 nmethods=12680 adapters=660
 compilation: enabled

Compilation events (10 events):
Event: 1180.897 Thread 0x0000000056057000 15643       3       com.android.builder.dependency.JarDependency::hashCode (57 bytes)
Event: 1180.898 Thread 0x0000000056057000 nmethod 15643 0x000000000508f690 code [0x000000000508f880, 0x00000000050904c8]
Event: 1180.900 Thread 0x0000000056054800 nmethod 15636 0x000000000507b510 code [0x000000000507b660, 0x000000000507b7d8]
Event: 1180.900 Thread 0x0000000056054800 15644       4       com.android.builder.dependency.AbstractBundleDependency::equals (161 bytes)
Event: 1180.903 Thread 0x0000000056057000 15645       1       com.android.build.gradle.internal.scope.VariantScopeImpl::getPreBuildTask (5 bytes)
Event: 1180.903 Thread 0x0000000056057000 nmethod 15645 0x0000000005087390 code [0x00000000050874e0, 0x00000000050875f0]
Event: 1180.904 Thread 0x0000000056057000 15646       3       com.google.common.collect.CollectPreconditions::checkNonnegative (54 bytes)
Event: 1180.905 Thread 0x0000000056057000 nmethod 15646 0x0000000005092d50 code [0x0000000005092f80, 0x0000000005093c18]
Event: 1180.906 Thread 0x0000000056057000 15647       3       com.google.common.base.Joiner::toString (24 bytes)
Event: 1180.906 Thread 0x0000000056057000 nmethod 15647 0x000000000508c9d0 code [0x000000000508cb80, 0x000000000508d138]

GC Heap History (10 events):
Event: 936.770 GC heap before
{Heap before GC invocations=32 (full 5):
 PSYoungGen      total 370176K, used 363827K [0x00000000e0000000, 0x00000000f9d00000, 0x0000000100000000)
  eden space 353280K, 99% used [0x00000000e0000000,0x00000000f5849de8,0x00000000f5900000)
  from space 16896K, 66% used [0x00000000f8c80000,0x00000000f9782fb0,0x00000000f9d00000)
  to   space 34816K, 0% used [0x00000000f5900000,0x00000000f5900000,0x00000000f7b00000)
 ParOldGen       total 161280K, used 103866K [0x00000000a0000000, 0x00000000a9d80000, 0x00000000e0000000)
  object space 161280K, 64% used [0x00000000a0000000,0x00000000a656e9f0,0x00000000a9d80000)
 Metaspace       used 69482K, capacity 72096K, committed 72320K, reserved 1112064K
  class space    used 8986K, capacity 9561K, committed 9600K, reserved 1048576K
Event: 936.812 GC heap after
Heap after GC invocations=32 (full 5):
 PSYoungGen      total 388096K, used 8949K [0x00000000e0000000, 0x00000000fdc00000, 0x0000000100000000)
  eden space 353280K, 0% used [0x00000000e0000000,0x00000000e0000000,0x00000000f5900000)
  from space 34816K, 25% used [0x00000000f5900000,0x00000000f61bd638,0x00000000f7b00000)
  to   space 33792K, 0% used [0x00000000fbb00000,0x00000000fbb00000,0x00000000fdc00000)
 ParOldGen       total 161280K, used 107091K [0x00000000a0000000, 0x00000000a9d80000, 0x00000000e0000000)
  object space 161280K, 66% used [0x00000000a0000000,0x00000000a6894c10,0x00000000a9d80000)
 Metaspace       used 69482K, capacity 72096K, committed 72320K, reserved 1112064K
  class space    used 8986K, capacity 9561K, committed 9600K, reserved 1048576K
}
Event: 937.856 GC heap before
{Heap before GC invocations=33 (full 5):
 PSYoungGen      total 388096K, used 273328K [0x00000000e0000000, 0x00000000fdc00000, 0x0000000100000000)
  eden space 353280K, 74% used [0x00000000e0000000,0x00000000f022ea88,0x00000000f5900000)
  from space 34816K, 25% used [0x00000000f5900000,0x00000000f61bd638,0x00000000f7b00000)
  to   space 33792K, 0% used [0x00000000fbb00000,0x00000000fbb00000,0x00000000fdc00000)
 ParOldGen       total 161280K, used 107091K [0x00000000a0000000, 0x00000000a9d80000, 0x00000000e0000000)
  object space 161280K, 66% used [0x00000000a0000000,0x00000000a6894c10,0x00000000a9d80000)
 Metaspace       used 69618K, capacity 72308K, committed 72576K, reserved 1112064K
  class space    used 9001K, capacity 9563K, committed 9600K, reserved 1048576K
Event: 937.874 GC heap after
Heap after GC invocations=33 (full 5):
 PSYoungGen      total 453120K, used 149K [0x00000000e0000000, 0x00000000fdd00000, 0x0000000100000000)
  eden space 419328K, 0% used [0x00000000e0000000,0x00000000e0000000,0x00000000f9980000)
  from space 33792K, 0% used [0x00000000fbb00000,0x00000000fbb25578,0x00000000fdc00000)
  to   space 34304K, 0% used [0x00000000f9980000,0x00000000f9980000,0x00000000fbb00000)
 ParOldGen       total 161280K, used 109392K [0x00000000a0000000, 0x00000000a9d80000, 0x00000000e0000000)
  object space 161280K, 67% used [0x00000000a0000000,0x00000000a6ad43c0,0x00000000a9d80000)
 Metaspace       used 69618K, capacity 72308K, committed 72576K, reserved 1112064K
  class space    used 9001K, capacity 9563K, committed 9600K, reserved 1048576K
}
Event: 937.874 GC heap before
{Heap before GC invocations=34 (full 6):
 PSYoungGen      total 453120K, used 149K [0x00000000e0000000, 0x00000000fdd00000, 0x0000000100000000)
  eden space 419328K, 0% used [0x00000000e0000000,0x00000000e0000000,0x00000000f9980000)
  from space 33792K, 0% used [0x00000000fbb00000,0x00000000fbb25578,0x00000000fdc00000)
  to   space 34304K, 0% used [0x00000000f9980000,0x00000000f9980000,0x00000000fbb00000)
 ParOldGen       total 161280K, used 109392K [0x00000000a0000000, 0x00000000a9d80000, 0x00000000e0000000)
  object space 161280K, 67% used [0x00000000a0000000,0x00000000a6ad43c0,0x00000000a9d80000)
 Metaspace       used 69618K, capacity 72308K, committed 72576K, reserved 1112064K
  class space    used 9001K, capacity 9563K, committed 9600K, reserved 1048576K
Event: 939.043 GC heap after
Heap after GC invocations=34 (full 6):
 PSYoungGen      total 453120K, used 0K [0x00000000e0000000, 0x00000000fdd00000, 0x0000000100000000)
  eden space 419328K, 0% used [0x00000000e0000000,0x00000000e0000000,0x00000000f9980000)
  from space 33792K, 0% used [0x00000000fbb00000,0x00000000fbb00000,0x00000000fdc00000)
  to   space 34304K, 0% used [0x00000000f9980000,0x00000000f9980000,0x00000000fbb00000)
 ParOldGen       total 161280K, used 52761K [0x00000000a0000000, 0x00000000a9d80000, 0x00000000e0000000)
  object space 161280K, 32% used [0x00000000a0000000,0x00000000a33866b8,0x00000000a9d80000)
 Metaspace       used 69618K, capacity 72308K, committed 72576K, reserved 1112064K
  class space    used 9001K, capacity 9563K, committed 9600K, reserved 1048576K
}
Event: 1086.072 GC heap before
{Heap before GC invocations=35 (full 6):
 PSYoungGen      total 453120K, used 219649K [0x00000000e0000000, 0x00000000fdd00000, 0x0000000100000000)
  eden space 419328K, 52% used [0x00000000e0000000,0x00000000ed680658,0x00000000f9980000)
  from space 33792K, 0% used [0x00000000fbb00000,0x00000000fbb00000,0x00000000fdc00000)
  to   space 34304K, 0% used [0x00000000f9980000,0x00000000f9980000,0x00000000fbb00000)
 ParOldGen       total 161280K, used 52761K [0x00000000a0000000, 0x00000000a9d80000, 0x00000000e0000000)
  object space 161280K, 32% used [0x00000000a0000000,0x00000000a33866b8,0x00000000a9d80000)
 Metaspace       used 70129K, capacity 72982K, committed 73216K, reserved 1112064K
  class space    used 9057K, capacity 9630K, committed 9728K, reserved 1048576K
Event: 1086.098 GC heap after
Heap after GC invocations=35 (full 6):
 PSYoungGen      total 453632K, used 4528K [0x00000000e0000000, 0x00000000fdc00000, 0x0000000100000000)
  eden space 419328K, 0% used [0x00000000e0000000,0x00000000e0000000,0x00000000f9980000)
  from space 34304K, 13% used [0x00000000f9980000,0x00000000f9dec010,0x00000000fbb00000)
  to   space 33792K, 0% used [0x00000000fbb00000,0x00000000fbb00000,0x00000000fdc00000)
 ParOldGen       total 161280K, used 52769K [0x00000000a0000000, 0x00000000a9d80000, 0x00000000e0000000)
  object space 161280K, 32% used [0x00000000a0000000,0x00000000a33886b8,0x00000000a9d80000)
 Metaspace       used 70129K, capacity 72982K, committed 73216K, reserved 1112064K
  class space    used 9057K, capacity 9630K, committed 9728K, reserved 1048576K
}
Event: 1086.098 GC heap before
{Heap before GC invocations=36 (full 7):
 PSYoungGen      total 453632K, used 4528K [0x00000000e0000000, 0x00000000fdc00000, 0x0000000100000000)
  eden space 419328K, 0% used [0x00000000e0000000,0x00000000e0000000,0x00000000f9980000)
  from space 34304K, 13% used [0x00000000f9980000,0x00000000f9dec010,0x00000000fbb00000)
  to   space 33792K, 0% used [0x00000000fbb00000,0x00000000fbb00000,0x00000000fdc00000)
 ParOldGen       total 161280K, used 52769K [0x00000000a0000000, 0x00000000a9d80000, 0x00000000e0000000)
  object space 161280K, 32% used [0x00000000a0000000,0x00000000a33886b8,0x00000000a9d80000)
 Metaspace       used 70129K, capacity 72982K, committed 73216K, reserved 1112064K
  class space    used 9057K, capacity 9630K, committed 9728K, reserved 1048576K
Event: 1087.013 GC heap after
Heap after GC invocations=36 (full 7):
 PSYoungGen      total 453632K, used 0K [0x00000000e0000000, 0x00000000fdc00000, 0x0000000100000000)
  eden space 419328K, 0% used [0x00000000e0000000,0x00000000e0000000,0x00000000f9980000)
  from space 34304K, 0% used [0x00000000f9980000,0x00000000f9980000,0x00000000fbb00000)
  to   space 33792K, 0% used [0x00000000fbb00000,0x00000000fbb00000,0x00000000fdc00000)
 ParOldGen       total 161280K, used 56891K [0x00000000a0000000, 0x00000000a9d80000, 0x00000000e0000000)
  object space 161280K, 35% used [0x00000000a0000000,0x00000000a378ecc0,0x00000000a9d80000)
 Metaspace       used 70129K, capacity 72982K, committed 73216K, reserved 1112064K
  class space    used 9057K, capacity 9630K, committed 9728K, reserved 1048576K
}

Deoptimization events (10 events):
Event: 937.248 Thread 0x0000000059474800 Uncommon trap: reason=predicate action=maybe_recompile pc=0x0000000004784634 method=java.util.TimSort.binarySort([Ljava/lang/Object;IIILjava/util/Comparator;)V @ 37
Event: 937.656 Thread 0x0000000059474800 Uncommon trap: reason=unstable_if action=reinterpret pc=0x0000000004789950 method=java.util.concurrent.ConcurrentHashMap.clear()V @ 19
Event: 1050.244 Thread 0x00000000592fe000 Uncommon trap: reason=predicate action=maybe_recompile pc=0x000000000463acfc method=java.util.ArrayList.remove(Ljava/lang/Object;)Z @ 49
Event: 1050.857 Thread 0x00000000592fe000 Uncommon trap: reason=unstable_if action=reinterpret pc=0x00000000033309ec method=com.google.common.collect.MapMakerInternalMap$Segment.getEntry(Ljava/lang/Object;I)Lcom/google/common/collect/MapMakerInternalMap$ReferenceEntry; @ 40
Event: 1053.173 Thread 0x00000000592fe000 Uncommon trap: reason=unstable_if action=reinterpret pc=0x0000000003181ebc method=java.io.ObjectOutputStream$BlockDataOutputStream.writeBytes(Ljava/lang/String;)V @ 22
Event: 1053.174 Thread 0x00000000592fe000 Uncommon trap: reason=unstable_if action=reinterpret pc=0x0000000002c9ae6c method=java.io.ObjectOutputStream$BlockDataOutputStream.writeBytes(Ljava/lang/String;)V @ 22
Event: 1053.890 Thread 0x00000000592fe000 Uncommon trap: reason=bimorphic action=maybe_recompile pc=0x0000000003fa20cc method=org.gradle.internal.logging.text.AbstractStyledTextOutput.text(Ljava/lang/Object;)Lorg/gradle/internal/logging/text/StyledTextOutput; @ 11
Event: 1054.010 Thread 0x00000000592fb000 Uncommon trap: reason=unstable_if action=reinterpret pc=0x0000000003f88974 method=java.io.ObjectOutputStream.writeObject0(Ljava/lang/Object;Z)V @ 235
Event: 1085.172 Thread 0x00000000592fe000 Uncommon trap: reason=bimorphic action=maybe_recompile pc=0x0000000003fa20cc method=org.gradle.internal.logging.text.AbstractStyledTextOutput.text(Ljava/lang/Object;)Lorg/gradle/internal/logging/text/StyledTextOutput; @ 11
Event: 1131.334 Thread 0x00000000592fe000 Uncommon trap: reason=bimorphic action=maybe_recompile pc=0x0000000003fa20cc method=org.gradle.internal.logging.text.AbstractStyledTextOutput.text(Ljava/lang/Object;)Lorg/gradle/internal/logging/text/StyledTextOutput; @ 11

Internal exceptions (10 events):
Event: 1054.094 Thread 0x00000000592fb000 Exception <a 'java/lang/NoSuchMethodError': <clinit>> (0x00000000e6f8aaa8) thrown at [C:\src\android\AOSP-openjdk\external\jetbrains\jdk\hotspot\src\share\vm\prims\jni.cpp, line 1591]
Event: 1054.094 Thread 0x00000000592fb000 Exception <a 'java/lang/NoSuchMethodError': <clinit>> (0x00000000e6f8df10) thrown at [C:\src\android\AOSP-openjdk\external\jetbrains\jdk\hotspot\src\share\vm\prims\jni.cpp, line 1591]
Event: 1083.559 Thread 0x00000000592fe000 Exception <a 'java/lang/ClassNotFoundException': asLocalRepo81_jcq1hwmac3xlc9su0jkst4p2BeanInfo> (0x00000000e739ecb8) thrown at [C:\src\android\AOSP-openjdk\external\jetbrains\jdk\hotspot\src\share\vm\classfile\systemDictionary.cpp, line 210]
Event: 1083.560 Thread 0x00000000592fe000 Exception <a 'java/lang/ClassNotFoundException': asLocalRepo81_jcq1hwmac3xlc9su0jkst4p2Customizer> (0x00000000e73a87e0) thrown at [C:\src\android\AOSP-openjdk\external\jetbrains\jdk\hotspot\src\share\vm\classfile\systemDictionary.cpp, line 210]
Event: 1085.165 Thread 0x00000000592fe000 Exception <a 'java/lang/reflect/InvocationTargetException'> (0x00000000ed40a580) thrown at [C:\src\android\AOSP-openjdk\external\jetbrains\jdk\hotspot\src\share\vm\runtime\reflection.cpp, line 1092]
Event: 1129.590 Thread 0x00000000592fe000 Exception <a 'java/lang/ClassNotFoundException': asLocalRepo19_byg7h56xqpbpbiaj1wsxstpbqBeanInfo> (0x00000000e08275b0) thrown at [C:\src\android\AOSP-openjdk\external\jetbrains\jdk\hotspot\src\share\vm\classfile\systemDictionary.cpp, line 210]
Event: 1129.591 Thread 0x00000000592fe000 Exception <a 'java/lang/ClassNotFoundException': asLocalRepo19_byg7h56xqpbpbiaj1wsxstpbqCustomizer> (0x00000000e0831130) thrown at [C:\src\android\AOSP-openjdk\external\jetbrains\jdk\hotspot\src\share\vm\classfile\systemDictionary.cpp, line 210]
Event: 1131.330 Thread 0x00000000592fe000 Exception <a 'java/lang/reflect/InvocationTargetException'> (0x00000000e6a26f10) thrown at [C:\src\android\AOSP-openjdk\external\jetbrains\jdk\hotspot\src\share\vm\runtime\reflection.cpp, line 1092]
Event: 1179.070 Thread 0x00000000592fe000 Exception <a 'java/lang/ClassNotFoundException': asLocalRepo113_c1867kepac46go7uirpvw19v9BeanInfo> (0x00000000e719a710) thrown at [C:\src\android\AOSP-openjdk\external\jetbrains\jdk\hotspot\src\share\vm\classfile\systemDictionary.cpp, line 210]
Event: 1179.071 Thread 0x00000000592fe000 Exception <a 'java/lang/ClassNotFoundException': asLocalRepo113_c1867kepac46go7uirpvw19v9Customizer> (0x00000000e71a42c8) thrown at [C:\src\android\AOSP-openjdk\external\jetbrains\jdk\hotspot\src\share\vm\classfile\systemDictionary.cpp, line 210]

Events (10 events):
Event: 1179.103 loading class groovy/runtime/metaclass/asLocalRepo113_c1867kepac46go7uirpvw19v9$_run_closure1$_closure3MetaClass
Event: 1179.103 loading class groovy/runtime/metaclass/asLocalRepo113_c1867kepac46go7uirpvw19v9$_run_closure1$_closure3MetaClass done
Event: 1179.104 loading class asLocalRepo113_c1867kepac46go7uirpvw19v9$_run_closure1$_closure3$_closure6
Event: 1179.104 loading class asLocalRepo113_c1867kepac46go7uirpvw19v9$_run_closure1$_closure3$_closure6 done
Event: 1179.105 loading class groovy/runtime/metaclass/asLocalRepo113_c1867kepac46go7uirpvw19v9$_run_closure1$_closure3$_closure6MetaClass
Event: 1179.105 loading class groovy/runtime/metaclass/asLocalRepo113_c1867kepac46go7uirpvw19v9$_run_closure1$_closure3$_closure6MetaClass done
Event: 1179.435 Thread 0x00000000592fe000 DEOPT PACKING pc=0x00000000032048a4 sp=0x000000005bd796d0
Event: 1179.435 Thread 0x00000000592fe000 DEOPT UNPACKING pc=0x00000000028771bf sp=0x000000005bd79498 mode 0
Event: 1180.744 Thread 0x00000000592fe000 DEOPT PACKING pc=0x0000000002cba011 sp=0x000000005bd795d0
Event: 1180.744 Thread 0x00000000592fe000 DEOPT UNPACKING pc=0x00000000028771bf sp=0x000000005bd79300 mode 0


Dynamic libraries:
0x000000013faf0000 - 0x000000013fb21000 	C:\Program Files\Android\Android Studio1\jre\bin\java.exe
0x0000000077970000 - 0x0000000077b1b000 	C:\Windows\SYSTEM32\ntdll.dll
0x0000000077290000 - 0x00000000773af000 	C:\Windows\system32\kernel32.dll
0x000007fefdfb0000 - 0x000007fefe01b000 	C:\Windows\system32\KERNELBASE.dll
0x000007fefe4c0000 - 0x000007fefe59b000 	C:\Windows\system32\ADVAPI32.dll
0x000007fefe5a0000 - 0x000007fefe63f000 	C:\Windows\system32\msvcrt.dll
0x000007fefe1b0000 - 0x000007fefe1cf000 	C:\Windows\SYSTEM32\sechost.dll
0x000007fefea60000 - 0x000007fefeb8e000 	C:\Windows\system32\RPCRT4.dll
0x0000000077870000 - 0x000000007796a000 	C:\Windows\system32\USER32.dll
0x000007fefe690000 - 0x000007fefe6f7000 	C:\Windows\system32\GDI32.dll
0x000007fefeb90000 - 0x000007fefeb9e000 	C:\Windows\system32\LPK.dll
0x000007fefeba0000 - 0x000007fefec6a000 	C:\Windows\system32\USP10.dll
0x000007fefca10000 - 0x000007fefcc04000 	C:\Windows\WinSxS\amd64_microsoft.windows.common-controls_6595b64144ccf1df_6.0.7600.16385_none_fa645303170382f6\COMCTL32.dll
0x000007feffb10000 - 0x000007feffb81000 	C:\Windows\system32\SHLWAPI.dll
0x000007fefe640000 - 0x000007fefe66e000 	C:\Windows\system32\IMM32.DLL
0x000007feffa00000 - 0x000007feffb09000 	C:\Windows\system32\MSCTF.dll
0x000000006ce80000 - 0x000000006cf52000 	C:\Program Files\Android\Android Studio1\jre\jre\bin\msvcr100.dll
0x0000000074870000 - 0x00000000750a4000 	C:\Program Files\Android\Android Studio1\jre\jre\bin\server\jvm.dll
0x000007fefa130000 - 0x000007fefa139000 	C:\Windows\system32\WSOCK32.dll
0x000007feffb90000 - 0x000007feffbdd000 	C:\Windows\system32\WS2_32.dll
0x000007fefe430000 - 0x000007fefe438000 	C:\Windows\system32\NSI.dll
0x000007fefba90000 - 0x000007fefbacb000 	C:\Windows\system32\WINMM.dll
0x000007fefcf00000 - 0x000007fefcf0c000 	C:\Windows\system32\VERSION.dll
0x0000000077b40000 - 0x0000000077b47000 	C:\Windows\system32\PSAPI.DLL
0x000007fefc160000 - 0x000007fefc16f000 	C:\Program Files\Android\Android Studio1\jre\jre\bin\verify.dll
0x000007fef8610000 - 0x000007fef8639000 	C:\Program Files\Android\Android Studio1\jre\jre\bin\java.dll
0x000007fefb5a0000 - 0x000007fefb5b6000 	C:\Program Files\Android\Android Studio1\jre\jre\bin\zip.dll
0x000007fefec70000 - 0x000007feff9f6000 	C:\Windows\system32\SHELL32.dll
0x000007fefe1d0000 - 0x000007fefe3d1000 	C:\Windows\system32\ole32.dll
0x000007fefdde0000 - 0x000007fefddef000 	C:\Windows\system32\profapi.dll
0x000007fefb650000 - 0x000007fefb66a000 	C:\Program Files\Android\Android Studio1\jre\jre\bin\net.dll
0x000007fefd650000 - 0x000007fefd6a4000 	C:\Windows\system32\mswsock.dll
0x000007fefd640000 - 0x000007fefd647000 	C:\Windows\System32\wship6.dll
0x000007fefb580000 - 0x000007fefb591000 	C:\Program Files\Android\Android Studio1\jre\jre\bin\nio.dll
0x000007fef0020000 - 0x000007fef0032000 	C:\Users\Ordolar\.gradle\native\19\windows-amd64\native-platform.dll
0x000007fefd6b0000 - 0x000007fefd6c7000 	C:\Windows\system32\CRYPTSP.dll
0x000007fefd3b0000 - 0x000007fefd3f7000 	C:\Windows\system32\rsaenh.dll
0x000007fefd0e0000 - 0x000007fefd0fe000 	C:\Windows\system32\USERENV.dll
0x000007fefdd10000 - 0x000007fefdd1f000 	C:\Windows\system32\CRYPTBASE.dll
0x000007fefb860000 - 0x000007fefb887000 	C:\Windows\system32\IPHLPAPI.DLL
0x000007fefb730000 - 0x000007fefb73b000 	C:\Windows\system32\WINNSI.DLL
0x000007fefb550000 - 0x000007fefb561000 	C:\Windows\system32\dhcpcsvc6.DLL
0x000007fefb500000 - 0x000007fefb518000 	C:\Windows\system32\dhcpcsvc.DLL
0x000007fefb620000 - 0x000007fefb62d000 	C:\Program Files\Android\Android Studio1\jre\jre\bin\management.dll
0x000007fefdcb0000 - 0x000007fefdd07000 	C:\Windows\system32\apphelp.dll
0x000007fefa610000 - 0x000007fefa735000 	C:\Windows\system32\dbghelp.dll

VM Arguments:
jvm_args: -Xmx1536m -Dfile.encoding=windows-1252 -Duser.country=ES -Duser.language=es -Duser.variant 
java_command: org.gradle.launcher.daemon.bootstrap.GradleDaemon 2.14.1
java_class_path (initial): C:\Program Files\Android\Android Studio1\gradle\gradle-2.14.1\lib\gradle-launcher-2.14.1.jar
Launcher Type: SUN_STANDARD

Environment Variables:
JAVA_HOME=C:\Program Files\Java\jdk1.8.0_65
PATH=C:\oracle\product\10.2.0\db_1\bin;C:\ProgramData\Oracle\Java\javapath;C:\Program Files (x86)\PC Connectivity Solution\;C:\Program Files\Common Files\Microsoft Shared\Windows Live;C:\Program Files (x86)\Common Files\Microsoft Shared\Windows Live;C:\Program Files (x86)\NVIDIA Corporation\PhysX\Common;C:\Windows\system32;C:\Windows;C:\Windows\System32\Wbem;C:\Windows\System32\WindowsPowerShell\v1.0\;C:\Program Files (x86)\Smart Projects\IsoBuster;C:\Program Files (x86)\Microsoft SQL Server\100\Tools\Binn\;C:\Program Files\Microsoft SQL Server\100\Tools\Binn\;C:\Program Files\Microsoft SQL Server\100\DTS\Binn\;C:\Program Files (x86)\Microsoft SQL Server\100\Tools\Binn\VSShell\Common7\IDE\;C:\Program Files (x86)\Microsoft SQL Server\100\DTS\Binn\;c:\Program Files (x86)\Microsoft SQL Server\90\Tools\binn\;C:\Program Files (x86)\Common Files\Ulead Systems\MPEG;C:\Program Files (x86)\Windows Live\Shared;C:\Program Files (x86)\Common Files\Adobe\AGL;C:\Program Files (x86)\SSH Communications Security\SSH Secure Shell
USERNAME=Ordolar
OS=Windows_NT
PROCESSOR_IDENTIFIER=Intel64 Family 6 Model 23 Stepping 10, GenuineIntel



---------------  S Y S T E M  ---------------

OS: Windows 7 , 64 bit Build 7600 (6.1.7600.16385)

CPU:total 2 (2 cores per cpu, 1 threads per core) family 6 model 23 stepping 10, cmov, cx8, fxsr, mmx, sse, sse2, sse3, ssse3, tsc

Memory: 4k page, physical 4193524k(248024k free), swap 8385148k(1113616k free)

vm_info: OpenJDK 64-Bit Server VM (25.76-b03) for windows-amd64 JRE (1.8.0_76-release-b03), built on Jun 29 2016 19:09:20 by "ralucas" with MS VC++ 10.0 (VS2010)

time: Wed Jan 25 09:03:43 2017
elapsed time: 1181 seconds (0d 0h 19m 41s)

