#
# A fatal error has been detected by the Java Runtime Environment:
#
#  EXCEPTION_ACCESS_VIOLATION (0xc0000005) at pc=0xffffffffa66b5120, pid=4240, tid=0x0000000000000e94
#
# JRE version: OpenJDK Runtime Environment (8.0_76-b03) (build 1.8.0_76-release-b03)
# Java VM: OpenJDK 64-Bit Server VM (25.76-b03 mixed mode windows-amd64 compressed oops)
# Problematic frame:
# C  0xffffffffa66b5120
#
# Failed to write core dump. Minidumps are not enabled by default on client versions of Windows
#
# If you would like to submit a bug report, please visit:
#   http://bugreport.java.com/bugreport/crash.jsp
#

---------------  T H R E A D  ---------------

Current thread (0x00000000187c9000):  JavaThread "pool-21-thread-2" [_thread_in_Java, id=3732, stack(0x000000001db10000,0x000000001dc10000)]

siginfo: ExceptionCode=0xc0000005, ExceptionInformation=0x0000000000000008 0xffffffffa66b5120

Registers:
RAX=0x00000000223b5f98, RBX=0x00000000223b5f98, RCX=0x00000000f59b3f88, RDX=0x00000000f59b3f88
RSP=0x000000001dc0e038, RBP=0x000000001dc0e098, RSI=0x00000000223fb028, RDI=0x0000000140b81598
R8 =0x0000000000000000, R9 =0x0000000048c7fb31, R10=0x00000000553e1bc0, R11=0x00000000059326a0
R12=0x0000000000000000, R13=0x000000001dc0e048, R14=0x000000001dc0e0f0, R15=0x00000000187c9000
RIP=0xffffffffa66b5120, EFLAGS=0x0000000000010202

Top of Stack: (sp=0x000000001dc0e038)
0x000000001dc0e038:   00000000026b77b0 00000000026b77b0
0x000000001dc0e048:   00000000f59b3f88 00000000f59b8a60
0x000000001dc0e058:   000000001dc0e058 00000000223b7daa
0x000000001dc0e068:   000000001dc0e0f0 00000000223bb5c0
0x000000001dc0e078:   000000002246d920 00000000223b7ec8
0x000000001dc0e088:   000000001dc0e048 000000001dc0e0e8
0x000000001dc0e098:   000000001dc0e138 00000000026b7a2d
0x000000001dc0e0a8:   0000000000000000 0000000000000000
0x000000001dc0e0b8:   0000000000000000 00000000f59b8b78
0x000000001dc0e0c8:   0000000000000001 00000000f59b8aa8
0x000000001dc0e0d8:   00000000f59b8a60 00000000f59c6d90
0x000000001dc0e0e8:   00000000f59c6bd0 00000000f59b3f88
0x000000001dc0e0f8:   000000001dc0e0f8 00000000223ddbce
0x000000001dc0e108:   000000001dc0e180 00000000223de290
0x000000001dc0e118:   0000000000000000 00000000223ddc58
0x000000001dc0e128:   000000001dc0e0e8 000000001dc0e180 

Instructions: (pc=0xffffffffa66b5120)
0xffffffffa66b5100:   
[error occurred during error reporting (printing registers, top of stack, instructions near pc), id 0xc0000005]

Register to memory mapping:

RAX={method} {0x00000000223b5fa0} 'getExitBlock' '()Lcom/android/dx/ssa/SsaBasicBlock;' in 'com/android/dx/ssa/SsaMethod'
RBX={method} {0x00000000223b5fa0} 'getExitBlock' '()Lcom/android/dx/ssa/SsaBasicBlock;' in 'com/android/dx/ssa/SsaMethod'
RCX=0x00000000f59b3f88 is an oop
com.android.dx.ssa.SsaMethod 
 - klass: 'com/android/dx/ssa/SsaMethod'
RDX=0x00000000f59b3f88 is an oop
com.android.dx.ssa.SsaMethod 
 - klass: 'com/android/dx/ssa/SsaMethod'
RSP=0x000000001dc0e038 is pointing into the stack for thread: 0x00000000187c9000
RBP=0x000000001dc0e098 is pointing into the stack for thread: 0x00000000187c9000
RSI=0x00000000223fb028 is pointing into metadata
RDI=0x0000000140b81598 is pointing into metadata
R8 =0x0000000000000000 is an unknown value
R9 =0x0000000048c7fb31 is an unknown value
R10=0x00000000553e1bc0 is an unknown value
R11=0x00000000059326a0 is at entry_point+32 in (nmethod*)0x00000000059324d0
R12=0x0000000000000000 is an unknown value
R13=0x000000001dc0e048 is pointing into the stack for thread: 0x00000000187c9000
R14=0x000000001dc0e0f0 is pointing into the stack for thread: 0x00000000187c9000
R15=0x00000000187c9000 is a thread


Stack: [0x000000001db10000,0x000000001dc10000],  sp=0x000000001dc0e038,  free space=1016k
Native frames: (J=compiled Java code, j=interpreted, Vv=VM code, C=native code)
C  0xffffffffa66b5120


---------------  P R O C E S S  ---------------

Java Threads: ( => current thread )
  0x000000001fa2a000 JavaThread "pool-25-thread-4" [_thread_blocked, id=6508, stack(0x0000000022c60000,0x0000000022d60000)]
  0x000000001fa29000 JavaThread "pool-25-thread-3" [_thread_in_vm, id=6344, stack(0x0000000022d60000,0x0000000022e60000)]
  0x00000000190e0800 JavaThread "pool-25-thread-2" [_thread_in_vm, id=5908, stack(0x0000000022ab0000,0x0000000022bb0000)]
  0x00000000190df000 JavaThread "pool-24-thread-4" [_thread_blocked, id=5964, stack(0x0000000022900000,0x0000000022a00000)]
  0x00000000190e1800 JavaThread "pool-24-thread-3" [_thread_blocked, id=1676, stack(0x00000000227d0000,0x00000000228d0000)]
  0x00000000190e3000 JavaThread "pool-24-thread-2" [_thread_blocked, id=6200, stack(0x00000000225f0000,0x00000000226f0000)]
  0x00000000190e2000 JavaThread "pool-27-thread-1" [_thread_in_vm, id=304, stack(0x000000001e7d0000,0x000000001e8d0000)]
  0x00000000190e0000 JavaThread "pool-24-thread-1" [_thread_blocked, id=1988, stack(0x000000001fee0000,0x000000001ffe0000)]
  0x00000000187cc000 JavaThread "pool-26-thread-1" [_thread_blocked, id=4984, stack(0x000000001b930000,0x000000001ba30000)]
  0x00000000187cd000 JavaThread "pool-25-thread-1" [_thread_blocked, id=3156, stack(0x0000000018200000,0x0000000018300000)]
  0x00000000187cd800 JavaThread "pool-21-thread-1" [_thread_blocked, id=6276, stack(0x0000000022230000,0x0000000022330000)]
=>0x00000000187c9000 JavaThread "pool-21-thread-2" [_thread_in_Java, id=3732, stack(0x000000001db10000,0x000000001dc10000)]
  0x00000000187ca800 JavaThread "pool-15-thread-2" [_thread_blocked, id=5920, stack(0x0000000021a80000,0x0000000021b80000)]
  0x00000000187cb800 JavaThread "pool-15-thread-1" [_thread_blocked, id=6932, stack(0x00000000218b0000,0x00000000219b0000)]
  0x00000000187cf000 JavaThread "Asynchronous log dispatcher for org.gradle.launcher.daemon.server.DefaultDaemonConnection@299133a6" [_thread_blocked, id=6468, stack(0x0000000021680000,0x0000000021780000)]
  0x00000000187ce800 JavaThread "Daemon worker Thread 6" [_thread_blocked, id=6680, stack(0x000000001e230000,0x000000001e330000)]
  0x000000001f18a800 JavaThread "Cancel handler" [_thread_blocked, id=1756, stack(0x000000001a220000,0x000000001a320000)]
  0x000000001f18b800 JavaThread "Handler for socket connection from /127.0.0.1:50933 to /127.0.0.1:53473" [_thread_in_native, id=6672, stack(0x0000000019de0000,0x0000000019ee0000)]
  0x000000001f189000 JavaThread "Daemon Thread 6" [_thread_blocked, id=6488, stack(0x0000000019b00000,0x0000000019c00000)]
  0x000000001a9f8800 JavaThread "File lock request listener" [_thread_in_native, id=4264, stack(0x000000001ba30000,0x000000001bb30000)]
  0x000000001878a800 JavaThread "pool-1-thread-1" [_thread_blocked, id=3640, stack(0x00000000199d0000,0x0000000019ad0000)]
  0x0000000018711000 JavaThread "Incoming local TCP Connector on port 50933" [_thread_in_native, id=5568, stack(0x0000000019620000,0x0000000019720000)]
  0x0000000017498800 JavaThread "Service Thread" daemon [_thread_blocked, id=5040, stack(0x0000000017160000,0x0000000017260000)]
  0x00000000160fa800 JavaThread "C1 CompilerThread1" daemon [_thread_in_vm, id=1452, stack(0x0000000017380000,0x0000000017480000)]
  0x00000000160f4800 JavaThread "C2 CompilerThread0" daemon [_thread_blocked, id=2576, stack(0x0000000017260000,0x0000000017360000)]
  0x00000000160f3000 JavaThread "Attach Listener" daemon [_thread_blocked, id=5300, stack(0x0000000016fe0000,0x00000000170e0000)]
  0x0000000016101800 JavaThread "Signal Dispatcher" daemon [_thread_blocked, id=112, stack(0x0000000016cb0000,0x0000000016db0000)]
  0x00000000160dc800 JavaThread "Finalizer" daemon [_thread_blocked, id=5576, stack(0x0000000016e60000,0x0000000016f60000)]
  0x0000000016093000 JavaThread "Reference Handler" daemon [_thread_blocked, id=2072, stack(0x0000000016ba0000,0x0000000016ca0000)]
  0x000000000226e800 JavaThread "main" [_thread_blocked, id=3180, stack(0x00000000022e0000,0x00000000023e0000)]

Other Threads:
  0x000000001608a800 VMThread [stack: 0x0000000016a60000,0x0000000016b60000] [id=4352]
  0x0000000016127000 WatcherThread [stack: 0x0000000017900000,0x0000000017a00000] [id=4688]

VM state:synchronizing (normal execution)

VM Mutex/Monitor currently owned by a thread:  ([mutex/lock_event])
[0x000000000226c890] Safepoint_lock - owner thread: 0x000000001608a800
[0x000000000226c910] Threads_lock - owner thread: 0x000000001608a800

Heap:
 PSYoungGen      total 489984K, used 372374K [0x00000000e0000000, 0x00000000ffc00000, 0x0000000100000000)
  eden space 463872K, 77% used [0x00000000e0000000,0x00000000f5f96370,0x00000000fc500000)
  from space 26112K, 47% used [0x00000000fe280000,0x00000000fee8f718,0x00000000ffc00000)
  to   space 28160K, 0% used [0x00000000fc500000,0x00000000fc500000,0x00000000fe080000)
 ParOldGen       total 154624K, used 74479K [0x00000000a0000000, 0x00000000a9700000, 0x00000000e0000000)
  object space 154624K, 48% used [0x00000000a0000000,0x00000000a48bbcf8,0x00000000a9700000)
 Metaspace       used 88007K, capacity 93810K, committed 94128K, reserved 1130496K
  class space    used 11458K, capacity 12567K, committed 12720K, reserved 1048576K

Card table byte_map: [0x0000000011a70000,0x0000000011d80000] byte_map_base: 0x0000000011570000

Marking Bits: (ParMarkBitMap*) 0x00000000553f9d00
 Begin Bits: [0x0000000012460000, 0x0000000013c60000)
 End Bits:   [0x0000000013c60000, 0x0000000015460000)

Polling page: 0x00000000003b0000

CodeCache: size=245760Kb used=51271Kb max_used=51531Kb free=194488Kb
 bounds [0x00000000026b0000, 0x0000000005980000, 0x00000000116b0000]
 total_blobs=15284 nmethods=14515 adapters=681
 compilation: enabled

Compilation events (10 events):
Event: 3270.438 Thread 0x00000000160f4800 18643       4       com.android.dx.ssa.SsaBasicBlock::isReachable (29 bytes)
Event: 3270.439 Thread 0x00000000160f4800 nmethod 18643 0x0000000004c3b910 code [0x0000000004c3ba40, 0x0000000004c3bad8]
Event: 3270.439 Thread 0x00000000160f4800 18646       4       com.android.dx.ssa.NormalSsaInsn::getSources (8 bytes)
Event: 3270.440 Thread 0x00000000160f4800 nmethod 18646 0x0000000005316590 code [0x00000000053166c0, 0x0000000005316738]
Event: 3270.440 Thread 0x00000000160f4800 18475       4       java.util.HashMap::<init> (8 bytes)
Event: 3270.441 Thread 0x00000000160f4800 nmethod 18475 0x0000000002f16d50 code [0x0000000002f16e80, 0x0000000002f16f78]
Event: 3270.441 Thread 0x00000000160f4800 18630   !   4       com.android.dx.rop.code.RegisterSpecSet::put (104 bytes)
Event: 3270.447 Thread 0x00000000160f4800 nmethod 18630 0x0000000002f16610 code [0x0000000002f16780, 0x0000000002f169f8]
Event: 3270.447 Thread 0x00000000160f4800 18648       4       com.android.dx.ssa.SsaMethod::getExitBlock (26 bytes)
Event: 3270.449 Thread 0x00000000160f4800 nmethod 18648 0x0000000002f161d0 code [0x0000000002f16320, 0x0000000002f16438]

GC Heap History (10 events):
Event: 1130.586 GC heap before
{Heap before GC invocations=30 (full 9):
 PSYoungGen      total 482816K, used 27619K [0x00000000e0000000, 0x0000000100000000, 0x0000000100000000)
  eden space 455168K, 0% used [0x00000000e0000000,0x00000000e0000000,0x00000000fbc80000)
  from space 27648K, 99% used [0x00000000fbc80000,0x00000000fd778ee8,0x00000000fd780000)
  to   space 32256K, 0% used [0x00000000fe080000,0x00000000fe080000,0x0000000100000000)
 ParOldGen       total 154624K, used 90269K [0x00000000a0000000, 0x00000000a9700000, 0x00000000e0000000)
  object space 154624K, 58% used [0x00000000a0000000,0x00000000a5827540,0x00000000a9700000)
 Metaspace       used 77423K, capacity 82628K, committed 82864K, reserved 1120256K
  class space    used 10280K, capacity 11309K, committed 11440K, reserved 1048576K
Event: 1131.924 GC heap after
Heap after GC invocations=30 (full 9):
 PSYoungGen      total 482816K, used 0K [0x00000000e0000000, 0x0000000100000000, 0x0000000100000000)
  eden space 455168K, 0% used [0x00000000e0000000,0x00000000e0000000,0x00000000fbc80000)
  from space 27648K, 0% used [0x00000000fbc80000,0x00000000fbc80000,0x00000000fd780000)
  to   space 32256K, 0% used [0x00000000fe080000,0x00000000fe080000,0x0000000100000000)
 ParOldGen       total 154624K, used 103919K [0x00000000a0000000, 0x00000000a9700000, 0x00000000e0000000)
  object space 154624K, 67% used [0x00000000a0000000,0x00000000a657bee8,0x00000000a9700000)
 Metaspace       used 77421K, capacity 82622K, committed 82864K, reserved 1120256K
  class space    used 10279K, capacity 11308K, committed 11440K, reserved 1048576K
}
Event: 1195.808 GC heap before
{Heap before GC invocations=31 (full 9):
 PSYoungGen      total 482816K, used 455168K [0x00000000e0000000, 0x0000000100000000, 0x0000000100000000)
  eden space 455168K, 100% used [0x00000000e0000000,0x00000000fbc80000,0x00000000fbc80000)
  from space 27648K, 0% used [0x00000000fbc80000,0x00000000fbc80000,0x00000000fd780000)
  to   space 32256K, 0% used [0x00000000fe080000,0x00000000fe080000,0x0000000100000000)
 ParOldGen       total 154624K, used 103919K [0x00000000a0000000, 0x00000000a9700000, 0x00000000e0000000)
  object space 154624K, 67% used [0x00000000a0000000,0x00000000a657bee8,0x00000000a9700000)
 Metaspace       used 79016K, capacity 84646K, committed 84912K, reserved 1122304K
  class space    used 10470K, capacity 11575K, committed 11696K, reserved 1048576K
Event: 1195.866 GC heap after
Heap after GC invocations=31 (full 9):
 PSYoungGen      total 493568K, used 13105K [0x00000000e0000000, 0x0000000100000000, 0x0000000100000000)
  eden space 461312K, 0% used [0x00000000e0000000,0x00000000e0000000,0x00000000fc280000)
  from space 32256K, 40% used [0x00000000fe080000,0x00000000fed4c450,0x0000000100000000)
  to   space 30720K, 0% used [0x00000000fc280000,0x00000000fc280000,0x00000000fe080000)
 ParOldGen       total 154624K, used 103927K [0x00000000a0000000, 0x00000000a9700000, 0x00000000e0000000)
  object space 154624K, 67% used [0x00000000a0000000,0x00000000a657dee8,0x00000000a9700000)
 Metaspace       used 79016K, capacity 84646K, committed 84912K, reserved 1122304K
  class space    used 10470K, capacity 11575K, committed 11696K, reserved 1048576K
}
Event: 1744.548 GC heap before
{Heap before GC invocations=32 (full 9):
 PSYoungGen      total 493568K, used 215080K [0x00000000e0000000, 0x0000000100000000, 0x0000000100000000)
  eden space 461312K, 43% used [0x00000000e0000000,0x00000000ec53de30,0x00000000fc280000)
  from space 32256K, 40% used [0x00000000fe080000,0x00000000fed4c450,0x0000000100000000)
  to   space 30720K, 0% used [0x00000000fc280000,0x00000000fc280000,0x00000000fe080000)
 ParOldGen       total 154624K, used 103927K [0x00000000a0000000, 0x00000000a9700000, 0x00000000e0000000)
  object space 154624K, 67% used [0x00000000a0000000,0x00000000a657dee8,0x00000000a9700000)
 Metaspace       used 79369K, capacity 85100K, committed 85424K, reserved 1122304K
  class space    used 10499K, capacity 11594K, committed 11696K, reserved 1048576K
Event: 1745.848 GC heap after
Heap after GC invocations=32 (full 9):
 PSYoungGen      total 492032K, used 7259K [0x00000000e0000000, 0x00000000fff80000, 0x0000000100000000)
  eden space 461312K, 0% used [0x00000000e0000000,0x00000000e0000000,0x00000000fc280000)
  from space 30720K, 23% used [0x00000000fc280000,0x00000000fc996e38,0x00000000fe080000)
  to   space 29696K, 0% used [0x00000000fe280000,0x00000000fe280000,0x00000000fff80000)
 ParOldGen       total 154624K, used 103935K [0x00000000a0000000, 0x00000000a9700000, 0x00000000e0000000)
  object space 154624K, 67% used [0x00000000a0000000,0x00000000a657fee8,0x00000000a9700000)
 Metaspace       used 79369K, capacity 85100K, committed 85424K, reserved 1122304K
  class space    used 10499K, capacity 11594K, committed 11696K, reserved 1048576K
}
Event: 1745.848 GC heap before
{Heap before GC invocations=33 (full 10):
 PSYoungGen      total 492032K, used 7259K [0x00000000e0000000, 0x00000000fff80000, 0x0000000100000000)
  eden space 461312K, 0% used [0x00000000e0000000,0x00000000e0000000,0x00000000fc280000)
  from space 30720K, 23% used [0x00000000fc280000,0x00000000fc996e38,0x00000000fe080000)
  to   space 29696K, 0% used [0x00000000fe280000,0x00000000fe280000,0x00000000fff80000)
 ParOldGen       total 154624K, used 103935K [0x00000000a0000000, 0x00000000a9700000, 0x00000000e0000000)
  object space 154624K, 67% used [0x00000000a0000000,0x00000000a657fee8,0x00000000a9700000)
 Metaspace       used 79369K, capacity 85100K, committed 85424K, reserved 1122304K
  class space    used 10499K, capacity 11594K, committed 11696K, reserved 1048576K
Event: 1758.104 GC heap after
Heap after GC invocations=33 (full 10):
 PSYoungGen      total 492032K, used 0K [0x00000000e0000000, 0x00000000fff80000, 0x0000000100000000)
  eden space 461312K, 0% used [0x00000000e0000000,0x00000000e0000000,0x00000000fc280000)
  from space 30720K, 0% used [0x00000000fc280000,0x00000000fc280000,0x00000000fe080000)
  to   space 29696K, 0% used [0x00000000fe280000,0x00000000fe280000,0x00000000fff80000)
 ParOldGen       total 154624K, used 74471K [0x00000000a0000000, 0x00000000a9700000, 0x00000000e0000000)
  object space 154624K, 48% used [0x00000000a0000000,0x00000000a48b9cf8,0x00000000a9700000)
 Metaspace       used 78499K, capacity 83914K, committed 85424K, reserved 1122304K
  class space    used 10339K, capacity 11354K, committed 11696K, reserved 1048576K
}
Event: 3243.086 GC heap before
{Heap before GC invocations=34 (full 10):
 PSYoungGen      total 492032K, used 461312K [0x00000000e0000000, 0x00000000fff80000, 0x0000000100000000)
  eden space 461312K, 100% used [0x00000000e0000000,0x00000000fc280000,0x00000000fc280000)
  from space 30720K, 0% used [0x00000000fc280000,0x00000000fc280000,0x00000000fe080000)
  to   space 29696K, 0% used [0x00000000fe280000,0x00000000fe280000,0x00000000fff80000)
 ParOldGen       total 154624K, used 74471K [0x00000000a0000000, 0x00000000a9700000, 0x00000000e0000000)
  object space 154624K, 48% used [0x00000000a0000000,0x00000000a48b9cf8,0x00000000a9700000)
 Metaspace       used 84028K, capacity 89576K, committed 90032K, reserved 1126400K
  class space    used 10997K, capacity 12054K, committed 12208K, reserved 1048576K
Event: 3247.995 GC heap after
Heap after GC invocations=34 (full 10):
 PSYoungGen      total 489984K, used 12349K [0x00000000e0000000, 0x00000000ffc00000, 0x0000000100000000)
  eden space 463872K, 0% used [0x00000000e0000000,0x00000000e0000000,0x00000000fc500000)
  from space 26112K, 47% used [0x00000000fe280000,0x00000000fee8f718,0x00000000ffc00000)
  to   space 28160K, 0% used [0x00000000fc500000,0x00000000fc500000,0x00000000fe080000)
 ParOldGen       total 154624K, used 74479K [0x00000000a0000000, 0x00000000a9700000, 0x00000000e0000000)
  object space 154624K, 48% used [0x00000000a0000000,0x00000000a48bbcf8,0x00000000a9700000)
 Metaspace       used 84028K, capacity 89576K, committed 90032K, reserved 1126400K
  class space    used 10997K, capacity 12054K, committed 12208K, reserved 1048576K
}

Deoptimization events (10 events):
Event: 3268.143 Thread 0x00000000187ce800 Uncommon trap: reason=class_check action=maybe_recompile pc=0x000000000348a638 method=com.google.common.base.Joiner.toString(Ljava/lang/Object;)Ljava/lang/CharSequence; @ 6
Event: 3268.143 Thread 0x00000000187ce800 Uncommon trap: reason=class_check action=maybe_recompile pc=0x000000000348a638 method=com.google.common.base.Joiner.toString(Ljava/lang/Object;)Ljava/lang/CharSequence; @ 6
Event: 3268.143 Thread 0x00000000187ce800 Uncommon trap: reason=class_check action=maybe_recompile pc=0x000000000348a638 method=com.google.common.base.Joiner.toString(Ljava/lang/Object;)Ljava/lang/CharSequence; @ 6
Event: 3268.329 Thread 0x00000000187ce800 Uncommon trap: reason=bimorphic action=maybe_recompile pc=0x00000000035f24b8 method=java.util.AbstractList$Itr.next()Ljava/lang/Object; @ 14
Event: 3268.329 Thread 0x00000000187ce800 Uncommon trap: reason=bimorphic action=maybe_recompile pc=0x00000000035f24b8 method=java.util.AbstractList$Itr.next()Ljava/lang/Object; @ 14
Event: 3268.329 Thread 0x00000000187ce800 Uncommon trap: reason=bimorphic action=maybe_recompile pc=0x00000000035f24b8 method=java.util.AbstractList$Itr.next()Ljava/lang/Object; @ 14
Event: 3268.330 Thread 0x00000000187ce800 Uncommon trap: reason=bimorphic action=maybe_recompile pc=0x00000000035f24b8 method=java.util.AbstractList$Itr.next()Ljava/lang/Object; @ 14
Event: 3268.439 Thread 0x00000000187cb800 Uncommon trap: reason=unstable_if action=reinterpret pc=0x00000000055b0ae4 method=java.lang.String.lastIndexOf([CII[CIII)I @ 135
Event: 3268.547 Thread 0x00000000187ca800 Uncommon trap: reason=unstable_if action=reinterpret pc=0x0000000003cc16cc method=java.lang.String.lastIndexOf([CII[CIII)I @ 135
Event: 3269.327 Thread 0x00000000187cd800 Uncommon trap: reason=unstable_if action=reinterpret pc=0x0000000003705938 method=java.lang.Character.forDigit(II)C @ 27

Internal exceptions (10 events):
Event: 3167.717 Thread 0x00000000187ce800 Exception <a 'java/lang/ClassNotFoundException': com/android/build/gradle/tasks/fd/GenerateInstantRunAppInfoTaskBeanInfo> (0x00000000e62086e8) thrown at [C:\src\android\AOSP-openjdk\external\jetbrains\jdk\hotspot\src\share\vm\classfile\systemDictionary.cppÂE!‡o¿¨@
Event: 3167.718 Thread 0x00000000187ce800 Exception <a 'java/lang/ClassNotFoundException': com/android/build/gradle/tasks/fd/GenerateInstantRunAppInfoTaskCustomizer> (0x00000000e621d080) thrown at [C:\src\android\AOSP-openjdk\external\jetbrains\jdk\hotspot\src\share\vm\classfile\systemDictionary.c
Event: 3167.720 Thread 0x00000000187ce800 Exception <a 'java/lang/ClassNotFoundException': com/android/build/gradle/tasks/fd/GenerateInstantRunAppInfoTask_DecoratedCustomizer> (0x00000000e6245650) thrown at [C:\src\android\AOSP-openjdk\external\jetbrains\jdk\hotspot\src\share\vm\classfile\systemDi›ñCú…ý¨@
Event: 3198.762 Thread 0x00000000187ce800 Implicit null exception at 0x00000000051ff0ec to 0x00000000051ff4b5
Event: 3214.531 Thread 0x00000000187ce800 Implicit null exception at 0x00000000043e61ee to 0x00000000043e649b
Event: 3214.549 Thread 0x00000000187ce800 Implicit null exception at 0x00000000043f560e to 0x00000000043f591f
Event: 3248.454 Thread 0x00000000187ce800 Implicit null exception at 0x0000000003e0b99d to 0x0000000003e0c45d
Event: 3248.463 Thread 0x00000000187ce800 Exception <a 'java/lang/NoSuchMethodError': <clinit>> (0x00000000e02432f0) thrown at [C:\src\android\AOSP-openjdk\external\jetbrains\jdk\hotspot\src\share\vm\prims\jni.cpp, line 1591]
Event: 3254.418 Thread 0x00000000187ce800 Exception <a 'java/io/FileNotFoundException'> (0x00000000f1eb5598) thrown at [C:\src\android\AOSP-openjdk\external\jetbrains\jdk\hotspot\src\share\vm\prims\jni.cpp, line 709]
Event: 3254.968 Thread 0x00000000187ce800 Implicit null exception at 0x0000000004edbdc3 to 0x0000000004edc071

Events (10 events):
Event: 3270.151 Executing VM operation: RevokeBias
Event: 3270.151 Executing VM operation: RevokeBias done
Event: 3270.153 Executing VM operation: RevokeBias
Event: 3270.153 Executing VM operation: RevokeBias done
Event: 3270.166 loading class com/android/dx/ssa/PhiInsn$Operand
Event: 3270.166 loading class com/android/dx/ssa/PhiInsn$Operand done
Event: 3270.176 loading class com/android/dx/cf/code/BytecodeArray$ConstantParserVisitor
Event: 3270.176 loading class com/android/dx/cf/code/BytecodeArray$ConstantParserVisitor done
Event: 3270.216 loading class com/android/dx/ssa/back/FirstFitLocalCombiningAllocator$Multiset
Event: 3270.216 loading class com/android/dx/ssa/back/FirstFitLocalCombiningAllocator$Multiset done


Dynamic libraries:
0x000000013ff10000 - 0x000000013ff41000 	C:\Program Files\Android\Android Studio1\jre\bin\java.exe
0x00000000776f0000 - 0x000000007789b000 	C:\Windows\SYSTEM32\ntdll.dll
0x00000000774d0000 - 0x00000000775ef000 	C:\Windows\system32\kernel32.dll
0x000007fefdc70000 - 0x000007fefdcdb000 	C:\Windows\system32\KERNELBASE.dll
0x000007fefdf50000 - 0x000007fefe02b000 	C:\Windows\system32\ADVAPI32.dll
0x000007fefe460000 - 0x000007fefe4ff000 	C:\Windows\system32\msvcrt.dll
0x000007feff4a0000 - 0x000007feff4bf000 	C:\Windows\SYSTEM32\sechost.dll
0x000007fefe220000 - 0x000007fefe34e000 	C:\Windows\system32\RPCRT4.dll
0x00000000775f0000 - 0x00000000776ea000 	C:\Windows\system32\USER32.dll
0x000007fefe350000 - 0x000007fefe3b7000 	C:\Windows\system32\GDI32.dll
0x000007fefe500000 - 0x000007fefe50e000 	C:\Windows\system32\LPK.dll
0x000007fefe150000 - 0x000007fefe21a000 	C:\Windows\system32\USP10.dll
0x000007fefc790000 - 0x000007fefc984000 	C:\Windows\WinSxS\amd64_microsoft.windows.common-controls_6595b64144ccf1df_6.0.7600.16385_none_fa645303170382f6\COMCTL32.dll
0x000007fefe640000 - 0x000007fefe6b1000 	C:\Windows\system32\SHLWAPI.dll
0x000007feff5d0000 - 0x000007feff5fe000 	C:\Windows\system32\IMM32.DLL
0x000007feff4c0000 - 0x000007feff5c9000 	C:\Windows\system32\MSCTF.dll
0x000000005c380000 - 0x000000005c452000 	C:\Program Files\Android\Android Studio1\jre\jre\bin\msvcr100.dll
0x0000000054c40000 - 0x0000000055474000 	C:\Program Files\Android\Android Studio1\jre\jre\bin\server\jvm.dll
0x000007fefa450000 - 0x000007fefa459000 	C:\Windows\system32\WSOCK32.dll
0x000007fefe510000 - 0x000007fefe55d000 	C:\Windows\system32\WS2_32.dll
0x000007feff600000 - 0x000007feff608000 	C:\Windows\system32\NSI.dll
0x000007fefb870000 - 0x000007fefb8ab000 	C:\Windows\system32\WINMM.dll
0x000007fefcc80000 - 0x000007fefcc8c000 	C:\Windows\system32\VERSION.dll
0x00000000778b0000 - 0x00000000778b7000 	C:\Windows\system32\PSAPI.DLL
0x000007fefc770000 - 0x000007fefc77f000 	C:\Program Files\Android\Android Studio1\jre\jre\bin\verify.dll
0x000007fef4ca0000 - 0x000007fef4cc9000 	C:\Program Files\Android\Android Studio1\jre\jre\bin\java.dll
0x000007fef4d20000 - 0x000007fef4d36000 	C:\Program Files\Android\Android Studio1\jre\jre\bin\zip.dll
0x000007fefe710000 - 0x000007feff496000 	C:\Windows\system32\SHELL32.dll
0x000007feff610000 - 0x000007feff811000 	C:\Windows\system32\ole32.dll
0x000007fefdb60000 - 0x000007fefdb6f000 	C:\Windows\system32\profapi.dll
0x000007fef3260000 - 0x000007fef327a000 	C:\Program Files\Android\Android Studio1\jre\jre\bin\net.dll
0x000007fefd3d0000 - 0x000007fefd424000 	C:\Windows\system32\mswsock.dll
0x000007fefd3c0000 - 0x000007fefd3c7000 	C:\Windows\System32\wship6.dll
0x000007fef3240000 - 0x000007fef3251000 	C:\Program Files\Android\Android Studio1\jre\jre\bin\nio.dll
0x000007fefbb10000 - 0x000007fefbb22000 	C:\Users\Ordolar\.gradle\native\19\windows-amd64\native-platform.dll
0x000007fefd430000 - 0x000007fefd447000 	C:\Windows\system32\CRYPTSP.dll
0x000007fefd130000 - 0x000007fefd177000 	C:\Windows\system32\rsaenh.dll
0x000007fefce60000 - 0x000007fefce7e000 	C:\Windows\system32\USERENV.dll
0x000007fefda90000 - 0x000007fefda9f000 	C:\Windows\system32\CRYPTBASE.dll
0x000007fefb1c0000 - 0x000007fefb1e7000 	C:\Windows\system32\IPHLPAPI.DLL
0x000007fefb1b0000 - 0x000007fefb1bb000 	C:\Windows\system32\WINNSI.DLL
0x000007fefb030000 - 0x000007fefb041000 	C:\Windows\system32\dhcpcsvc6.DLL
0x000007fefb010000 - 0x000007fefb028000 	C:\Windows\system32\dhcpcsvc.DLL
0x000007fefc780000 - 0x000007fefc78d000 	C:\Program Files\Android\Android Studio1\jre\jre\bin\management.dll
0x000007fefda30000 - 0x000007fefda87000 	C:\Windows\system32\apphelp.dll
0x000007fef1cc0000 - 0x000007fef1de5000 	C:\Windows\system32\dbghelp.dll

VM Arguments:
jvm_args: -Xmx1536m -Dfile.encoding=windows-1252 -Duser.country=ES -Duser.language=es -Duser.variant 
java_command: org.gradle.launcher.daemon.bootstrap.GradleDaemon 2.14.1
java_class_path (initial): C:\Program Files\Android\Android Studio1\gradle\gradle-2.14.1\lib\gradle-launcher-2.14.1.jar
Launcher Type: SUN_STANDARD

Environment Variables:
JAVA_HOME=C:\Program Files\Java\jdk1.8.0_65
PATH=C:\oracle\product\10.2.0\db_1\bin;C:\ProgramData\Oracle\Java\javapath;C:\Program Files (x86)\PC Connectivity Solution\;C:\Program Files\Common Files\Microsoft Shared\Windows Live;C:\Program Files (x86)\Common Files\Microsoft Shared\Windows Live;C:\Program Files (x86)\NVIDIA Corporation\PhysX\Common;C:\Windows\system32;C:\Windows;C:\Windows\System32\Wbem;C:\Windows\System32\WindowsPowerShell\v1.0\;C:\Program Files (x86)\Smart Projects\IsoBuster;C:\Program Files (x86)\Microsoft SQL Server\100\Tools\Binn\;C:\Program Files\Microsoft SQL Server\100\Tools\Binn\;C:\Program Files\Microsoft SQL Server\100\DTS\Binn\;C:\Program Files (x86)\Microsoft SQL Server\100\Tools\Binn\VSShell\Common7\IDE\;C:\Program Files (x86)\Microsoft SQL Server\100\DTS\Binn\;c:\Program Files (x86)\Microsoft SQL Server\90\Tools\binn\;C:\Program Files (x86)\Common Files\Ulead Systems\MPEG;C:\Program Files (x86)\Windows Live\Shared;C:\Program Files (x86)\Common Files\Adobe\AGL;C:\Program Files (x86)\SSH Communications Security\SSH Secure Shell
USERNAME=Ordolar
OS=Windows_NT
PROCESSOR_IDENTIFIER=Intel64 Family 6 Model 23 Stepping 10, GenuineIntel



---------------  S Y S T E M  ---------------

OS: Windows 7 , 64 bit Build 7600 (6.1.7600.16385)

CPU:total 2 (2 cores per cpu, 1 threads per core) family 6 model 23 stepping 10, cmov, cx8, fxsr, mmx, sse, sse2, sse3, ssse3, tsc

Memory: 4k page, physical 4193524k(208444k free), swap 8730924k(753232k free)

vm_info: OpenJDK 64-Bit Server VM (25.76-b03) for windows-amd64 JRE (1.8.0_76-release-b03), built on Jun 29 2016 19:09:20 by "ralucas" with MS VC++ 10.0 (VS2010)

time: Tue Jan 24 10:04:15 2017
elapsed time: 3271 seconds (0d 0h 54m 31s)

