#
# A fatal error has been detected by the Java Runtime Environment:
#
#  EXCEPTION_ACCESS_VIOLATION (0xc0000005) at pc=0xffffffffa58b5120, pid=6988, tid=0x0000000000001914
#
# JRE version: OpenJDK Runtime Environment (8.0_76-b03) (build 1.8.0_76-release-b03)
# Java VM: OpenJDK 64-Bit Server VM (25.76-b03 mixed mode windows-amd64 compressed oops)
# Problematic frame:
# C  0xffffffffa58b5120
#
# Failed to write core dump. Minidumps are not enabled by default on client versions of Windows
#
# If you would like to submit a bug report, please visit:
#   http://bugreport.java.com/bugreport/crash.jsp
#

---------------  T H R E A D  ---------------

Current thread (0x0000000058e54000):  JavaThread "Daemon worker Thread 3" [_thread_in_Java, id=6420, stack(0x000000005e980000,0x000000005ea80000)]

siginfo: ExceptionCode=0xc0000005, ExceptionInformation=0x0000000000000008 0xffffffffa58b5120

Registers:
RAX=0x00000000000000bf, RBX=0x00000000a18b2320, RCX=0x00000000a18b4530, RDX=0x00000000000000e6
RSP=0x000000005ea7c778, RBP=0x00000000a18b2320, RSI=0x000000001567b3b8, RDI=0x00000000a00fbef8
R8 =0x00000000000000e6, R9 =0x00000000216130e6, R10=0x00000000a00fbef8, R11=0x00000000f0fe15b0
R12=0x0000000000000000, R13=0x0000000057ae542a, R14=0x00000000a00fbc90, R15=0x0000000058e54000
RIP=0xffffffffa58b5120, EFLAGS=0x0000000000010283

Top of Stack: (sp=0x000000005ea7c778)
0x000000005ea7c778:   000000000541c15c 00000000f111b460
0x000000005ea7c788:   00000000a0104870 00000000f111d048
0x000000005ea7c798:   00000000034c85d4 00000000f111d068
0x000000005ea7c7a8:   00000000f0fe1740 00000000f0fe15b0
0x000000005ea7c7b8:   00000000a00fbc80 a00fbef8216130e6
0x000000005ea7c7c8:   00000000a18b2320 00000000a00fbef8
0x000000005ea7c7d8:   00000000f0fe1128 00000000f06e8818
0x000000005ea7c7e8:   0000000015bd10a0 00000000f06e8df0
0x000000005ea7c7f8:   00000000a13a9ac8 7bc557dfa1367ef8
0x000000005ea7c808:   00000000a1367ef8 0000000000000000
0x000000005ea7c818:   00000000a1379c20 00000000a1379de0
0x000000005ea7c828:   0000000000000000 00000000f1122460
0x000000005ea7c838:   00000000f111d080 000000005ea7c908
0x000000005ea7c848:   00000000034e5e44 00000000f111d0a0
0x000000005ea7c858:   0000000004fb975c 00000000f111d080
0x000000005ea7c868:   00000000f111d068 000000005ea7c8d8 

Instructions: (pc=0xffffffffa58b5120)
0xffffffffa58b5100:   
[error occurred during error reporting (printing registers, top of stack, instructions near pc), id 0xc0000005]

Register to memory mapping:

RAX=0x00000000000000bf is an unknown value
RBX=0x00000000a18b2320 is an oop
java.util.concurrent.atomic.AtomicReferenceArray 
 - klass: 'java/util/concurrent/atomic/AtomicReferenceArray'
RCX=0x00000000a18b4530 is an oop
[Ljava.lang.Object; 
 - klass: 'java/lang/Object'[]
 - length: 1024
RDX=0x00000000000000e6 is an unknown value
RSP=0x000000005ea7c778 is pointing into the stack for thread: 0x0000000058e54000
RBP=0x00000000a18b2320 is an oop
java.util.concurrent.atomic.AtomicReferenceArray 
 - klass: 'java/util/concurrent/atomic/AtomicReferenceArray'
RSI=0x000000001567b3b8 is pointing into metadata
RDI=0x00000000a00fbef8 is an oop
com.google.common.collect.MapMakerInternalMap$Segment 
 - klass: 'com/google/common/collect/MapMakerInternalMap$Segment'
R8 =0x00000000000000e6 is an unknown value
R9 =0x00000000216130e6 is an unknown value
R10=0x00000000a00fbef8 is an oop
com.google.common.collect.MapMakerInternalMap$Segment 
 - klass: 'com/google/common/collect/MapMakerInternalMap$Segment'
R11=0x00000000f0fe15b0 is an oop
java.lang.String 
 - klass: 'java/lang/String'
R12=0x0000000000000000 is an unknown value
R13=0x0000000057ae542a is an unknown value
R14=0x00000000a00fbc90 is an oop
com.google.common.collect.MapMakerInternalMap 
 - klass: 'com/google/common/collect/MapMakerInternalMap'
R15=0x0000000058e54000 is a thread


Stack: [0x000000005e980000,0x000000005ea80000],  sp=0x000000005ea7c778,  free space=1009k
Native frames: (J=compiled Java code, j=interpreted, Vv=VM code, C=native code)
C  0xffffffffa58b5120


---------------  P R O C E S S  ---------------

Java Threads: ( => current thread )
  0x0000000057dd5000 JavaThread "Stdin handler" [_thread_blocked, id=4160, stack(0x00000000616a0000,0x00000000617a0000)]
  0x0000000058e57000 JavaThread "Asynchronous log dispatcher for org.gradle.launcher.daemon.server.DefaultDaemonConnection@7d02ed95" [_thread_blocked, id=7060, stack(0x000000005f410000,0x000000005f510000)]
=>0x0000000058e54000 JavaThread "Daemon worker Thread 3" [_thread_in_Java, id=6420, stack(0x000000005e980000,0x000000005ea80000)]
  0x0000000058e52800 JavaThread "Cancel handler" [_thread_blocked, id=6732, stack(0x0000000059ec0000,0x0000000059fc0000)]
  0x0000000058e53800 JavaThread "Handler for socket connection from /127.0.0.1:50851 to /127.0.0.1:52446" [_thread_in_native, id=3280, stack(0x0000000059ca0000,0x0000000059da0000)]
  0x0000000058e52000 JavaThread "Daemon Thread 3" [_thread_blocked, id=4516, stack(0x0000000059b50000,0x0000000059c50000)]
  0x00000000594b8800 JavaThread "pool-9-thread-4" [_thread_blocked, id=5064, stack(0x0000000059910000,0x0000000059a10000)]
  0x00000000594ba000 JavaThread "pool-9-thread-3" [_thread_blocked, id=6760, stack(0x0000000061530000,0x0000000061630000)]
  0x0000000058e55800 JavaThread "pool-9-thread-2" [_thread_blocked, id=1404, stack(0x0000000061170000,0x0000000061270000)]
  0x0000000058e58000 JavaThread "pool-9-thread-1" [_thread_blocked, id=6000, stack(0x000000005f7d0000,0x000000005f8d0000)]
  0x0000000057dca800 JavaThread "File lock request listener" [_thread_in_native, id=7164, stack(0x000000005bee0000,0x000000005bfe0000)]
  0x0000000057ced800 JavaThread "pool-1-thread-1" [_thread_blocked, id=6156, stack(0x0000000059a10000,0x0000000059b10000)]
  0x0000000057bf4800 JavaThread "Incoming local TCP Connector on port 50851" [_thread_in_native, id=5484, stack(0x00000000583b0000,0x00000000584b0000)]
  0x0000000055fcc800 JavaThread "Service Thread" daemon [_thread_blocked, id=7028, stack(0x00000000578b0000,0x00000000579b0000)]
  0x0000000055f75000 JavaThread "C1 CompilerThread1" daemon [_thread_blocked, id=4508, stack(0x0000000057340000,0x0000000057440000)]
  0x0000000055f69000 JavaThread "C2 CompilerThread0" daemon [_thread_blocked, id=5860, stack(0x00000000571f0000,0x00000000572f0000)]
  0x0000000055f67800 JavaThread "Attach Listener" daemon [_thread_blocked, id=4064, stack(0x0000000056fb0000,0x00000000570b0000)]
  0x0000000055f72000 JavaThread "Signal Dispatcher" daemon [_thread_blocked, id=7128, stack(0x0000000056e90000,0x0000000056f90000)]
  0x0000000055f4c800 JavaThread "Finalizer" daemon [_thread_blocked, id=5764, stack(0x0000000056cd0000,0x0000000056dd0000)]
  0x0000000055f03000 JavaThread "Reference Handler" daemon [_thread_blocked, id=1560, stack(0x0000000056a80000,0x0000000056b80000)]
  0x000000000214e800 JavaThread "main" [_thread_blocked, id=6952, stack(0x00000000024e0000,0x00000000025e0000)]

Other Threads:
  0x0000000055efa800 VMThread [stack: 0x0000000056960000,0x0000000056a60000] [id=3988]
  0x0000000057458800 WatcherThread [stack: 0x0000000057a70000,0x0000000057b70000] [id=1208]

VM state:synchronizing (normal execution)

VM Mutex/Monitor currently owned by a thread:  ([mutex/lock_event])
[0x000000000214c890] Safepoint_lock - owner thread: 0x0000000055efa800
[0x000000000214c910] Threads_lock - owner thread: 0x0000000055efa800

Heap:
 PSYoungGen      total 483840K, used 279891K [0x00000000e0000000, 0x0000000100000000, 0x0000000100000000)
  eden space 442368K, 63% used [0x00000000e0000000,0x00000000f1154d20,0x00000000fb000000)
  from space 41472K, 0% used [0x00000000fd780000,0x00000000fd780000,0x0000000100000000)
  to   space 40448K, 0% used [0x00000000fb000000,0x00000000fb000000,0x00000000fd780000)
 ParOldGen       total 147968K, used 55051K [0x00000000a0000000, 0x00000000a9080000, 0x00000000e0000000)
  object space 147968K, 37% used [0x00000000a0000000,0x00000000a35c2da8,0x00000000a9080000)
 Metaspace       used 71209K, capacity 74104K, committed 74288K, reserved 1114112K
  class space    used 9113K, capacity 9713K, committed 9776K, reserved 1048576K

Card table byte_map: [0x0000000011c70000,0x0000000011f80000] byte_map_base: 0x0000000011770000

Marking Bits: (ParMarkBitMap*) 0x000000005d329d00
 Begin Bits: [0x00000000122d0000, 0x0000000013ad0000)
 End Bits:   [0x0000000013ad0000, 0x00000000152d0000)

Polling page: 0x0000000000330000

CodeCache: size=245760Kb used=45409Kb max_used=45409Kb free=200350Kb
 bounds [0x00000000028b0000, 0x0000000005550000, 0x00000000118b0000]
 total_blobs=13792 nmethods=13044 adapters=661
 compilation: enabled

Compilation events (10 events):
Event: 1265.702 Thread 0x0000000055f69000 nmethod 16651 0x0000000005536bd0 code [0x0000000005536fa0, 0x000000000553a170]
Event: 1265.702 Thread 0x0000000055f69000 16676   !   4       java.nio.file.FileTreeWalker::visit (204 bytes)
Event: 1265.877 Thread 0x0000000055f75000 16677       3       org.gradle.api.specs.Specs::doIntersect (115 bytes)
Event: 1265.879 Thread 0x0000000055f75000 nmethod 16677 0x0000000005534bd0 code [0x0000000005534e80, 0x00000000055362e8]
Event: 1266.021 Thread 0x0000000055f75000 16678       3       org.gradle.api.tasks.util.internal.PatternSpecFactory::createIncludeSpec (67 bytes)
Event: 1266.023 Thread 0x0000000055f75000 nmethod 16678 0x0000000005533590 code [0x00000000055337c0, 0x0000000005534688]
Event: 1266.023 Thread 0x0000000055f75000 16679       3       org.gradle.api.tasks.util.internal.PatternSpecFactory::createExcludeSpec (113 bytes)
Event: 1266.026 Thread 0x0000000055f75000 nmethod 16679 0x000000000553f050 code [0x000000000553f380, 0x0000000005541008]
Event: 1266.036 Thread 0x0000000055f75000 16681       1       java.util.concurrent.atomic.AtomicReferenceArray::byteOffset (12 bytes)
Event: 1266.036 Thread 0x0000000055f75000 nmethod 16681 0x00000000050de290 code [0x00000000050de3e0, 0x00000000050de4f0]

GC Heap History (10 events):
Event: 147.298 GC heap before
{Heap before GC invocations=35 (full 5):
 PSYoungGen      total 414720K, used 10825K [0x00000000e0000000, 0x00000000fc000000, 0x0000000100000000)
  eden space 375808K, 0% used [0x00000000e0000000,0x00000000e0000000,0x00000000f6f00000)
  from space 38912K, 27% used [0x00000000f9a00000,0x00000000fa4925a8,0x00000000fc000000)
  to   space 41472K, 0% used [0x00000000f6f00000,0x00000000f6f00000,0x00000000f9780000)
 ParOldGen       total 132096K, used 124922K [0x00000000a0000000, 0x00000000a8100000, 0x00000000e0000000)
  object space 132096K, 94% used [0x00000000a0000000,0x00000000a79fe910,0x00000000a8100000)
 Metaspace       used 64752K, capacity 66574K, committed 66864K, reserved 1107968K
  class space    used 8210K, capacity 8633K, committed 8752K, reserved 1048576K
Event: 147.692 GC heap after
Heap after GC invocations=35 (full 5):
 PSYoungGen      total 414720K, used 0K [0x00000000e0000000, 0x00000000fc000000, 0x0000000100000000)
  eden space 375808K, 0% used [0x00000000e0000000,0x00000000e0000000,0x00000000f6f00000)
  from space 38912K, 0% used [0x00000000f9a00000,0x00000000f9a00000,0x00000000fc000000)
  to   space 41472K, 0% used [0x00000000f6f00000,0x00000000f6f00000,0x00000000f9780000)
 ParOldGen       total 147968K, used 66113K [0x00000000a0000000, 0x00000000a9080000, 0x00000000e0000000)
  object space 147968K, 44% used [0x00000000a0000000,0x00000000a40904f8,0x00000000a9080000)
 Metaspace       used 64752K, capacity 66574K, committed 66864K, reserved 1107968K
  class space    used 8210K, capacity 8633K, committed 8752K, reserved 1048576K
}
Event: 149.227 GC heap before
{Heap before GC invocations=36 (full 5):
 PSYoungGen      total 414720K, used 89282K [0x00000000e0000000, 0x00000000fc000000, 0x0000000100000000)
  eden space 375808K, 23% used [0x00000000e0000000,0x00000000e5730b68,0x00000000f6f00000)
  from space 38912K, 0% used [0x00000000f9a00000,0x00000000f9a00000,0x00000000fc000000)
  to   space 41472K, 0% used [0x00000000f6f00000,0x00000000f6f00000,0x00000000f9780000)
 ParOldGen       total 147968K, used 66113K [0x00000000a0000000, 0x00000000a9080000, 0x00000000e0000000)
  object space 147968K, 44% used [0x00000000a0000000,0x00000000a40904f8,0x00000000a9080000)
 Metaspace       used 66193K, capacity 68002K, committed 68272K, reserved 1107968K
  class space    used 8372K, capacity 8763K, committed 8880K, reserved 1048576K
Event: 149.238 GC heap after
Heap after GC invocations=36 (full 5):
 PSYoungGen      total 417280K, used 1391K [0x00000000e0000000, 0x0000000100000000, 0x0000000100000000)
  eden space 375808K, 0% used [0x00000000e0000000,0x00000000e0000000,0x00000000f6f00000)
  from space 41472K, 3% used [0x00000000f6f00000,0x00000000f705bfe8,0x00000000f9780000)
  to   space 41472K, 0% used [0x00000000fd780000,0x00000000fd780000,0x0000000100000000)
 ParOldGen       total 147968K, used 66113K [0x00000000a0000000, 0x00000000a9080000, 0x00000000e0000000)
  object space 147968K, 44% used [0x00000000a0000000,0x00000000a40904f8,0x00000000a9080000)
 Metaspace       used 66193K, capacity 68002K, committed 68272K, reserved 1107968K
  class space    used 8372K, capacity 8763K, committed 8880K, reserved 1048576K
}
Event: 149.238 GC heap before
{Heap before GC invocations=37 (full 6):
 PSYoungGen      total 417280K, used 1391K [0x00000000e0000000, 0x0000000100000000, 0x0000000100000000)
  eden space 375808K, 0% used [0x00000000e0000000,0x00000000e0000000,0x00000000f6f00000)
  from space 41472K, 3% used [0x00000000f6f00000,0x00000000f705bfe8,0x00000000f9780000)
  to   space 41472K, 0% used [0x00000000fd780000,0x00000000fd780000,0x0000000100000000)
 ParOldGen       total 147968K, used 66113K [0x00000000a0000000, 0x00000000a9080000, 0x00000000e0000000)
  object space 147968K, 44% used [0x00000000a0000000,0x00000000a40904f8,0x00000000a9080000)
 Metaspace       used 66193K, capacity 68002K, committed 68272K, reserved 1107968K
  class space    used 8372K, capacity 8763K, committed 8880K, reserved 1048576K
Event: 149.720 GC heap after
Heap after GC invocations=37 (full 6):
 PSYoungGen      total 417280K, used 0K [0x00000000e0000000, 0x0000000100000000, 0x0000000100000000)
  eden space 375808K, 0% used [0x00000000e0000000,0x00000000e0000000,0x00000000f6f00000)
  from space 41472K, 0% used [0x00000000f6f00000,0x00000000f6f00000,0x00000000f9780000)
  to   space 41472K, 0% used [0x00000000fd780000,0x00000000fd780000,0x0000000100000000)
 ParOldGen       total 147968K, used 37108K [0x00000000a0000000, 0x00000000a9080000, 0x00000000e0000000)
  object space 147968K, 25% used [0x00000000a0000000,0x00000000a243d190,0x00000000a9080000)
 Metaspace       used 66193K, capacity 68002K, committed 68272K, reserved 1107968K
  class space    used 8372K, capacity 8763K, committed 8880K, reserved 1048576K
}
Event: 1021.486 GC heap before
{Heap before GC invocations=38 (full 6):
 PSYoungGen      total 417280K, used 235891K [0x00000000e0000000, 0x0000000100000000, 0x0000000100000000)
  eden space 375808K, 62% used [0x00000000e0000000,0x00000000ee65ce08,0x00000000f6f00000)
  from space 41472K, 0% used [0x00000000f6f00000,0x00000000f6f00000,0x00000000f9780000)
  to   space 41472K, 0% used [0x00000000fd780000,0x00000000fd780000,0x0000000100000000)
 ParOldGen       total 147968K, used 37108K [0x00000000a0000000, 0x00000000a9080000, 0x00000000e0000000)
  object space 147968K, 25% used [0x00000000a0000000,0x00000000a243d190,0x00000000a9080000)
 Metaspace       used 70433K, capacity 73098K, committed 73264K, reserved 1112064K
  class space    used 9070K, capacity 9656K, committed 9776K, reserved 1048576K
Event: 1021.567 GC heap after
Heap after GC invocations=38 (full 6):
 PSYoungGen      total 483840K, used 19425K [0x00000000e0000000, 0x0000000100000000, 0x0000000100000000)
  eden space 442368K, 0% used [0x00000000e0000000,0x00000000e0000000,0x00000000fb000000)
  from space 41472K, 46% used [0x00000000fd780000,0x00000000fea78440,0x0000000100000000)
  to   space 40448K, 0% used [0x00000000fb000000,0x00000000fb000000,0x00000000fd780000)
 ParOldGen       total 147968K, used 37116K [0x00000000a0000000, 0x00000000a9080000, 0x00000000e0000000)
  object space 147968K, 25% used [0x00000000a0000000,0x00000000a243f190,0x00000000a9080000)
 Metaspace       used 70433K, capacity 73098K, committed 73264K, reserved 1112064K
  class space    used 9070K, capacity 9656K, committed 9776K, reserved 1048576K
}
Event: 1021.567 GC heap before
{Heap before GC invocations=39 (full 7):
 PSYoungGen      total 483840K, used 19425K [0x00000000e0000000, 0x0000000100000000, 0x0000000100000000)
  eden space 442368K, 0% used [0x00000000e0000000,0x00000000e0000000,0x00000000fb000000)
  from space 41472K, 46% used [0x00000000fd780000,0x00000000fea78440,0x0000000100000000)
  to   space 40448K, 0% used [0x00000000fb000000,0x00000000fb000000,0x00000000fd780000)
 ParOldGen       total 147968K, used 37116K [0x00000000a0000000, 0x00000000a9080000, 0x00000000e0000000)
  object space 147968K, 25% used [0x00000000a0000000,0x00000000a243f190,0x00000000a9080000)
 Metaspace       used 70433K, capacity 73098K, committed 73264K, reserved 1112064K
  class space    used 9070K, capacity 9656K, committed 9776K, reserved 1048576K
Event: 1022.234 GC heap after
Heap after GC invocations=39 (full 7):
 PSYoungGen      total 483840K, used 0K [0x00000000e0000000, 0x0000000100000000, 0x0000000100000000)
  eden space 442368K, 0% used [0x00000000e0000000,0x00000000e0000000,0x00000000fb000000)
  from space 41472K, 0% used [0x00000000fd780000,0x00000000fd780000,0x0000000100000000)
  to   space 40448K, 0% used [0x00000000fb000000,0x00000000fb000000,0x00000000fd780000)
 ParOldGen       total 147968K, used 55051K [0x00000000a0000000, 0x00000000a9080000, 0x00000000e0000000)
  object space 147968K, 37% used [0x00000000a0000000,0x00000000a35c2da8,0x00000000a9080000)
 Metaspace       used 70433K, capacity 73098K, committed 73264K, reserved 1112064K
  class space    used 9070K, capacity 9656K, committed 9776K, reserved 1048576K
}

Deoptimization events (10 events):
Event: 1263.889 Thread 0x0000000058e54000 Uncommon trap: reason=unstable_if action=reinterpret pc=0x0000000003260c98 method=com.sun.org.apache.xerces.internal.dom.AttrImpl.getNodeName()Ljava/lang/String; @ 4
Event: 1263.889 Thread 0x0000000058e54000 Uncommon trap: reason=bimorphic action=maybe_recompile pc=0x000000000406f73c method=com.sun.org.apache.xerces.internal.dom.AttributeMap.setNamedItem(Lorg/w3c/dom/Node;)Lorg/w3c/dom/Node; @ 43
Event: 1263.889 Thread 0x0000000058e54000 Uncommon trap: reason=bimorphic action=maybe_recompile pc=0x000000000406f73c method=com.sun.org.apache.xerces.internal.dom.AttributeMap.setNamedItem(Lorg/w3c/dom/Node;)Lorg/w3c/dom/Node; @ 43
Event: 1263.889 Thread 0x0000000058e54000 Uncommon trap: reason=bimorphic action=maybe_recompile pc=0x000000000406f73c method=com.sun.org.apache.xerces.internal.dom.AttributeMap.setNamedItem(Lorg/w3c/dom/Node;)Lorg/w3c/dom/Node; @ 43
Event: 1263.890 Thread 0x0000000058e54000 Uncommon trap: reason=class_check action=maybe_recompile pc=0x0000000004dbc460 method=com.sun.org.apache.xerces.internal.dom.AttrImpl.getValue()Ljava/lang/String; @ 19
Event: 1263.890 Thread 0x0000000058e54000 Uncommon trap: reason=class_check action=maybe_recompile pc=0x0000000004dbc460 method=com.sun.org.apache.xerces.internal.dom.AttrImpl.getValue()Ljava/lang/String; @ 19
Event: 1263.890 Thread 0x0000000058e54000 Uncommon trap: reason=bimorphic action=maybe_recompile pc=0x0000000003f52038 method=com.sun.org.apache.xerces.internal.dom.ElementImpl.getNodeName()Ljava/lang/String; @ 8
Event: 1263.890 Thread 0x0000000058e54000 Uncommon trap: reason=bimorphic action=maybe_recompile pc=0x0000000003f52038 method=com.sun.org.apache.xerces.internal.dom.ElementImpl.getNodeName()Ljava/lang/String; @ 8
Event: 1263.890 Thread 0x0000000058e54000 Uncommon trap: reason=class_check action=maybe_recompile pc=0x0000000004dbc460 method=com.sun.org.apache.xerces.internal.dom.AttrImpl.getValue()Ljava/lang/String; @ 19
Event: 1263.890 Thread 0x0000000058e54000 Uncommon trap: reason=class_check action=maybe_recompile pc=0x0000000004dbc460 method=com.sun.org.apache.xerces.internal.dom.AttrImpl.getValue()Ljava/lang/String; @ 19

Internal exceptions (10 events):
Event: 1036.309 Thread 0x0000000058e53800 Exception <a 'sun/nio/fs/WindowsException'> (0x00000000e5494730) thrown at [C:\src\android\AOSP-openjdk\external\jetbrains\jdk\hotspot\src\share\vm\prims\jni.cpp, line 709]
Event: 1036.309 Thread 0x0000000058e53800 Exception <a 'sun/nio/fs/WindowsException'> (0x00000000e54953d8) thrown at [C:\src\android\AOSP-openjdk\external\jetbrains\jdk\hotspot\src\share\vm\prims\jni.cpp, line 709]
Event: 1036.310 Thread 0x0000000058e53800 Exception <a 'sun/nio/fs/WindowsException'> (0x00000000e5497c98) thrown at [C:\src\android\AOSP-openjdk\external\jetbrains\jdk\hotspot\src\share\vm\prims\jni.cpp, line 709]
Event: 1036.311 Thread 0x0000000058e53800 Exception <a 'sun/nio/fs/WindowsException'> (0x00000000e54987c8) thrown at [C:\src\android\AOSP-openjdk\external\jetbrains\jdk\hotspot\src\share\vm\prims\jni.cpp, line 709]
Event: 1036.311 Thread 0x0000000058e53800 Exception <a 'sun/nio/fs/WindowsException'> (0x00000000e549a340) thrown at [C:\src\android\AOSP-openjdk\external\jetbrains\jdk\hotspot\src\share\vm\prims\jni.cpp, line 709]
Event: 1036.311 Thread 0x0000000058e53800 Exception <a 'sun/nio/fs/WindowsException'> (0x00000000e549aea8) thrown at [C:\src\android\AOSP-openjdk\external\jetbrains\jdk\hotspot\src\share\vm\prims\jni.cpp, line 709]
Event: 1261.552 Thread 0x0000000058e54000 Exception <a 'java/lang/ClassNotFoundException': asLocalRepo84_dabvtyvx1g5f01ri3t6brwyp2BeanInfo> (0x00000000ea4867f0) thrown at [C:\src\android\AOSP-openjdk\external\jetbrains\jdk\hotspot\src\share\vm\classfile\systemDictionary.cpp, line 210]
Event: 1261.553 Thread 0x0000000058e54000 Exception <a 'java/lang/ClassNotFoundException': asLocalRepo84_dabvtyvx1g5f01ri3t6brwyp2Customizer> (0x00000000ea490370) thrown at [C:\src\android\AOSP-openjdk\external\jetbrains\jdk\hotspot\src\share\vm\classfile\systemDictionary.cpp, line 210]
Event: 1262.928 Thread 0x0000000058e54000 Implicit null exception at 0x0000000003efee85 to 0x0000000003eff0dd
Event: 1262.928 Thread 0x0000000058e54000 Implicit null exception at 0x0000000003d17102 to 0x0000000003d17545

Events (10 events):
Event: 1263.890 Thread 0x0000000058e54000 DEOPT UNPACKING pc=0x00000000028f556a sp=0x000000005ea7c458 mode 2
Event: 1263.890 Thread 0x0000000058e54000 Uncommon trap: trap_request=0xffffffc6 fr.pc=0x0000000003f52038
Event: 1263.890 Thread 0x0000000058e54000 DEOPT PACKING pc=0x0000000003f52038 sp=0x000000005ea7c490
Event: 1263.890 Thread 0x0000000058e54000 DEOPT UNPACKING pc=0x00000000028f556a sp=0x000000005ea7c458 mode 2
Event: 1263.890 Thread 0x0000000058e54000 Uncommon trap: trap_request=0xffffffde fr.pc=0x0000000004dbc460
Event: 1263.890 Thread 0x0000000058e54000 DEOPT PACKING pc=0x0000000004dbc460 sp=0x000000005ea7c440
Event: 1263.890 Thread 0x0000000058e54000 DEOPT UNPACKING pc=0x00000000028f556a sp=0x000000005ea7c370 mode 2
Event: 1263.890 Thread 0x0000000058e54000 Uncommon trap: trap_request=0xffffffde fr.pc=0x0000000004dbc460
Event: 1263.890 Thread 0x0000000058e54000 DEOPT PACKING pc=0x0000000004dbc460 sp=0x000000005ea7c430
Event: 1263.890 Thread 0x0000000058e54000 DEOPT UNPACKING pc=0x00000000028f556a sp=0x000000005ea7c360 mode 2


Dynamic libraries:
0x000000013fc50000 - 0x000000013fc81000 	C:\Program Files\Android\Android Studio1\jre\bin\java.exe
0x0000000077680000 - 0x000000007782b000 	C:\Windows\SYSTEM32\ntdll.dll
0x0000000077400000 - 0x000000007751f000 	C:\Windows\system32\kernel32.dll
0x000007fefdd10000 - 0x000007fefdd7b000 	C:\Windows\system32\KERNELBASE.dll
0x000007fefe2e0000 - 0x000007fefe3bb000 	C:\Windows\system32\ADVAPI32.dll
0x000007fefe060000 - 0x000007fefe0ff000 	C:\Windows\system32\msvcrt.dll
0x000007fefe850000 - 0x000007fefe86f000 	C:\Windows\SYSTEM32\sechost.dll
0x000007fefe720000 - 0x000007fefe84e000 	C:\Windows\system32\RPCRT4.dll
0x00000000770f0000 - 0x00000000771ea000 	C:\Windows\system32\USER32.dll
0x000007fefe3c0000 - 0x000007fefe427000 	C:\Windows\system32\GDI32.dll
0x000007fefe050000 - 0x000007fefe05e000 	C:\Windows\system32\LPK.dll
0x000007fefe1c0000 - 0x000007fefe28a000 	C:\Windows\system32\USP10.dll
0x000007fefc580000 - 0x000007fefc774000 	C:\Windows\WinSxS\amd64_microsoft.windows.common-controls_6595b64144ccf1df_6.0.7600.16385_none_fa645303170382f6\COMCTL32.dll
0x000007fefdfd0000 - 0x000007fefe041000 	C:\Windows\system32\SHLWAPI.dll
0x000007fefdec0000 - 0x000007fefdeee000 	C:\Windows\system32\IMM32.DLL
0x000007fefe610000 - 0x000007fefe719000 	C:\Windows\system32\MSCTF.dll
0x0000000074e20000 - 0x0000000074ef2000 	C:\Program Files\Android\Android Studio1\jre\jre\bin\msvcr100.dll
0x000000005cb70000 - 0x000000005d3a4000 	C:\Program Files\Android\Android Studio1\jre\jre\bin\server\jvm.dll
0x000007fef9e40000 - 0x000007fef9e49000 	C:\Windows\system32\WSOCK32.dll
0x000007feff940000 - 0x000007feff98d000 	C:\Windows\system32\WS2_32.dll
0x000007feff6a0000 - 0x000007feff6a8000 	C:\Windows\system32\NSI.dll
0x000007fefb7e0000 - 0x000007fefb81b000 	C:\Windows\system32\WINMM.dll
0x000007fefcc10000 - 0x000007fefcc1c000 	C:\Windows\system32\VERSION.dll
0x0000000077850000 - 0x0000000077857000 	C:\Windows\system32\PSAPI.DLL
0x000007fefb450000 - 0x000007fefb45f000 	C:\Program Files\Android\Android Studio1\jre\jre\bin\verify.dll
0x000007fefb420000 - 0x000007fefb449000 	C:\Program Files\Android\Android Studio1\jre\jre\bin\java.dll
0x000007fefb400000 - 0x000007fefb416000 	C:\Program Files\Android\Android Studio1\jre\jre\bin\zip.dll
0x000007fefe910000 - 0x000007feff696000 	C:\Windows\system32\SHELL32.dll
0x000007feff730000 - 0x000007feff931000 	C:\Windows\system32\ole32.dll
0x000007fefdaf0000 - 0x000007fefdaff000 	C:\Windows\system32\profapi.dll
0x000007fefb150000 - 0x000007fefb16a000 	C:\Program Files\Android\Android Studio1\jre\jre\bin\net.dll
0x000007fefd360000 - 0x000007fefd3b4000 	C:\Windows\system32\mswsock.dll
0x000007fefd350000 - 0x000007fefd357000 	C:\Windows\System32\wship6.dll
0x000007fefb130000 - 0x000007fefb141000 	C:\Program Files\Android\Android Studio1\jre\jre\bin\nio.dll
0x000007feef940000 - 0x000007feef952000 	C:\Users\Ordolar\.gradle\native\19\windows-amd64\native-platform.dll
0x000007fefd3c0000 - 0x000007fefd3d7000 	C:\Windows\system32\CRYPTSP.dll
0x000007fefd0c0000 - 0x000007fefd107000 	C:\Windows\system32\rsaenh.dll
0x000007fefcdf0000 - 0x000007fefce0e000 	C:\Windows\system32\USERENV.dll
0x000007fefda20000 - 0x000007fefda2f000 	C:\Windows\system32\CRYPTBASE.dll
0x000007fefb350000 - 0x000007fefb377000 	C:\Windows\system32\IPHLPAPI.DLL
0x000007fefb340000 - 0x000007fefb34b000 	C:\Windows\system32\WINNSI.DLL
0x000007fefafc0000 - 0x000007fefafd1000 	C:\Windows\system32\dhcpcsvc6.DLL
0x000007fefafa0000 - 0x000007fefafb8000 	C:\Windows\system32\dhcpcsvc.DLL
0x000007fef46c0000 - 0x000007fef46cd000 	C:\Program Files\Android\Android Studio1\jre\jre\bin\management.dll
0x000007fefd9c0000 - 0x000007fefda17000 	C:\Windows\system32\apphelp.dll
0x000007fefa330000 - 0x000007fefa455000 	C:\Windows\system32\dbghelp.dll

VM Arguments:
jvm_args: -Xmx1536m -Dfile.encoding=windows-1252 -Duser.country=ES -Duser.language=es -Duser.variant 
java_command: org.gradle.launcher.daemon.bootstrap.GradleDaemon 2.14.1
java_class_path (initial): C:\Program Files\Android\Android Studio1\gradle\gradle-2.14.1\lib\gradle-launcher-2.14.1.jar
Launcher Type: SUN_STANDARD

Environment Variables:
JAVA_HOME=C:\Program Files\Java\jdk1.8.0_65
PATH=C:\oracle\product\10.2.0\db_1\bin;C:\ProgramData\Oracle\Java\javapath;C:\Program Files (x86)\PC Connectivity Solution\;C:\Program Files\Common Files\Microsoft Shared\Windows Live;C:\Program Files (x86)\Common Files\Microsoft Shared\Windows Live;C:\Program Files (x86)\NVIDIA Corporation\PhysX\Common;C:\Windows\system32;C:\Windows;C:\Windows\System32\Wbem;C:\Windows\System32\WindowsPowerShell\v1.0\;C:\Program Files (x86)\Smart Projects\IsoBuster;C:\Program Files (x86)\Microsoft SQL Server\100\Tools\Binn\;C:\Program Files\Microsoft SQL Server\100\Tools\Binn\;C:\Program Files\Microsoft SQL Server\100\DTS\Binn\;C:\Program Files (x86)\Microsoft SQL Server\100\Tools\Binn\VSShell\Common7\IDE\;C:\Program Files (x86)\Microsoft SQL Server\100\DTS\Binn\;c:\Program Files (x86)\Microsoft SQL Server\90\Tools\binn\;C:\Program Files (x86)\Common Files\Ulead Systems\MPEG;C:\Program Files (x86)\Windows Live\Shared;C:\Program Files (x86)\Common Files\Adobe\AGL;C:\Program Files (x86)\SSH Communications Security\SSH Secure Shell
USERNAME=Ordolar
OS=Windows_NT
PROCESSOR_IDENTIFIER=Intel64 Family 6 Model 23 Stepping 10, GenuineIntel



---------------  S Y S T E M  ---------------

OS: Windows 7 , 64 bit Build 7600 (6.1.7600.16385)

CPU:total 2 (2 cores per cpu, 1 threads per core) family 6 model 23 stepping 10, cmov, cx8, fxsr, mmx, sse, sse2, sse3, ssse3, tsc

Memory: 4k page, physical 4193524k(438824k free), swap 8385148k(1283388k free)

vm_info: OpenJDK 64-Bit Server VM (25.76-b03) for windows-amd64 JRE (1.8.0_76-release-b03), built on Jun 29 2016 19:09:20 by "ralucas" with MS VC++ 10.0 (VS2010)

time: Sun Jan 29 09:50:38 2017
elapsed time: 1266 seconds (0d 0h 21m 6s)

